2024/07/12 07:38:27 [notice] 1#1: using the "epoll" event method
2024/07/12 07:38:27 [notice] 1#1: nginx/1.27.0
2024/07/12 07:38:27 [notice] 1#1: built by gcc 13.2.1 20231014 (Alpine 13.2.1_git20231014) 
2024/07/12 07:38:27 [notice] 1#1: OS: Linux 6.5.0-41-generic
2024/07/12 07:38:27 [notice] 1#1: getrlimit(RLIMIT_NOFILE): 1048576:1048576
2024/07/12 07:38:27 [notice] 1#1: start worker processes
2024/07/12 07:38:27 [notice] 1#1: start worker process 19
2024/07/12 07:38:27 [notice] 1#1: start worker process 20
2024/07/12 07:38:27 [notice] 1#1: start worker process 21
2024/07/12 07:38:27 [notice] 1#1: start worker process 22
2024/07/12 07:38:43 [notice] 1#1: signal 3 (SIGQUIT) received, shutting down
2024/07/12 07:38:43 [notice] 19#19: gracefully shutting down
2024/07/12 07:38:43 [notice] 19#19: exiting
2024/07/12 07:38:43 [notice] 19#19: exit
2024/07/12 07:38:43 [notice] 22#22: gracefully shutting down
2024/07/12 07:38:43 [notice] 22#22: exiting
2024/07/12 07:38:43 [notice] 22#22: exit
2024/07/12 07:38:43 [notice] 21#21: gracefully shutting down
2024/07/12 07:38:43 [notice] 21#21: exiting
2024/07/12 07:38:43 [notice] 21#21: exit
2024/07/12 07:38:43 [notice] 20#20: gracefully shutting down
2024/07/12 07:38:43 [notice] 20#20: exiting
2024/07/12 07:38:43 [notice] 20#20: exit
2024/07/12 07:38:44 [notice] 1#1: signal 17 (SIGCHLD) received from 19
2024/07/12 07:38:44 [notice] 1#1: worker process 19 exited with code 0
2024/07/12 07:38:44 [notice] 1#1: signal 29 (SIGIO) received
2024/07/12 07:38:44 [notice] 1#1: signal 17 (SIGCHLD) received from 21
2024/07/12 07:38:44 [notice] 1#1: worker process 21 exited with code 0
2024/07/12 07:38:44 [notice] 1#1: signal 29 (SIGIO) received
2024/07/12 07:38:44 [notice] 1#1: signal 17 (SIGCHLD) received from 22
2024/07/12 07:38:44 [notice] 1#1: worker process 20 exited with code 0
2024/07/12 07:38:44 [notice] 1#1: worker process 22 exited with code 0
2024/07/12 07:38:44 [notice] 1#1: exit
2024/07/12 07:40:08 [notice] 1#1: using the "epoll" event method
2024/07/12 07:40:08 [notice] 1#1: nginx/1.27.0
2024/07/12 07:40:08 [notice] 1#1: built by gcc 13.2.1 20231014 (Alpine 13.2.1_git20231014) 
2024/07/12 07:40:08 [notice] 1#1: OS: Linux 6.5.0-41-generic
2024/07/12 07:40:08 [notice] 1#1: getrlimit(RLIMIT_NOFILE): 1048576:1048576
2024/07/12 07:40:08 [notice] 1#1: start worker processes
2024/07/12 07:40:08 [notice] 1#1: start worker process 20
2024/07/12 07:40:08 [notice] 1#1: start worker process 21
2024/07/12 07:40:08 [notice] 1#1: start worker process 22
2024/07/12 07:40:08 [notice] 1#1: start worker process 23
2024/07/12 08:22:46 [notice] 1#1: signal 3 (SIGQUIT) received, shutting down
2024/07/12 08:22:46 [notice] 20#20: gracefully shutting down
2024/07/12 08:22:46 [notice] 21#21: gracefully shutting down
2024/07/12 08:22:46 [notice] 22#22: gracefully shutting down
2024/07/12 08:22:46 [notice] 23#23: gracefully shutting down
2024/07/12 08:22:46 [notice] 22#22: exiting
2024/07/12 08:22:46 [notice] 21#21: exiting
2024/07/12 08:22:46 [notice] 23#23: exiting
2024/07/12 08:22:46 [notice] 20#20: exiting
2024/07/12 08:22:46 [notice] 22#22: exit
2024/07/12 08:22:46 [notice] 21#21: exit
2024/07/12 08:22:46 [notice] 23#23: exit
2024/07/12 08:22:46 [notice] 20#20: exit
2024/07/12 08:22:46 [notice] 1#1: signal 17 (SIGCHLD) received from 22
2024/07/12 08:22:46 [notice] 1#1: worker process 22 exited with code 0
2024/07/12 08:22:46 [notice] 1#1: worker process 20 exited with code 0
2024/07/12 08:22:46 [notice] 1#1: worker process 21 exited with code 0
2024/07/12 08:22:46 [notice] 1#1: worker process 23 exited with code 0
2024/07/12 08:22:46 [notice] 1#1: exit
2024/07/12 08:24:58 [notice] 1#1: using the "epoll" event method
2024/07/12 08:24:58 [notice] 1#1: nginx/1.27.0
2024/07/12 08:24:58 [notice] 1#1: built by gcc 13.2.1 20231014 (Alpine 13.2.1_git20231014) 
2024/07/12 08:24:58 [notice] 1#1: OS: Linux 6.5.0-41-generic
2024/07/12 08:24:58 [notice] 1#1: getrlimit(RLIMIT_NOFILE): 1048576:1048576
2024/07/12 08:24:58 [notice] 1#1: start worker processes
2024/07/12 08:24:58 [notice] 1#1: start worker process 20
2024/07/12 08:24:58 [notice] 1#1: start worker process 21
2024/07/12 08:24:58 [notice] 1#1: start worker process 22
2024/07/12 08:24:58 [notice] 1#1: start worker process 23
2024/07/12 08:38:07 [notice] 1#1: signal 3 (SIGQUIT) received, shutting down
2024/07/12 08:38:07 [notice] 20#20: gracefully shutting down
2024/07/12 08:38:07 [notice] 23#23: gracefully shutting down
2024/07/12 08:38:07 [notice] 21#21: gracefully shutting down
2024/07/12 08:38:07 [notice] 22#22: gracefully shutting down
2024/07/12 08:38:07 [notice] 23#23: exiting
2024/07/12 08:38:07 [notice] 23#23: exit
2024/07/12 08:38:07 [notice] 20#20: exiting
2024/07/12 08:38:07 [notice] 20#20: exit
2024/07/12 08:38:07 [notice] 22#22: exiting
2024/07/12 08:38:07 [notice] 22#22: exit
2024/07/12 08:38:07 [notice] 21#21: exiting
2024/07/12 08:38:07 [notice] 21#21: exit
2024/07/12 08:38:07 [notice] 1#1: signal 17 (SIGCHLD) received from 21
2024/07/12 08:38:07 [notice] 1#1: worker process 21 exited with code 0
2024/07/12 08:38:07 [notice] 1#1: signal 29 (SIGIO) received
2024/07/12 08:38:07 [notice] 1#1: signal 17 (SIGCHLD) received from 22
2024/07/12 08:38:07 [notice] 1#1: worker process 22 exited with code 0
2024/07/12 08:38:07 [notice] 1#1: signal 29 (SIGIO) received
2024/07/12 08:38:07 [notice] 1#1: signal 17 (SIGCHLD) received from 23
2024/07/12 08:38:07 [notice] 1#1: worker process 23 exited with code 0
2024/07/12 08:38:07 [notice] 1#1: signal 29 (SIGIO) received
2024/07/12 08:38:07 [notice] 1#1: signal 17 (SIGCHLD) received from 20
2024/07/12 08:38:07 [notice] 1#1: worker process 20 exited with code 0
2024/07/12 08:38:07 [notice] 1#1: exit
2024/07/12 09:03:27 [notice] 1#1: using the "epoll" event method
2024/07/12 09:03:27 [notice] 1#1: nginx/1.27.0
2024/07/12 09:03:27 [notice] 1#1: built by gcc 13.2.1 20231014 (Alpine 13.2.1_git20231014) 
2024/07/12 09:03:27 [notice] 1#1: OS: Linux 6.5.0-41-generic
2024/07/12 09:03:27 [notice] 1#1: getrlimit(RLIMIT_NOFILE): 1048576:1048576
2024/07/12 09:03:27 [notice] 1#1: start worker processes
2024/07/12 09:03:27 [notice] 1#1: start worker process 20
2024/07/12 09:03:27 [notice] 1#1: start worker process 21
2024/07/12 09:03:27 [notice] 1#1: start worker process 22
2024/07/12 09:03:27 [notice] 1#1: start worker process 23
2024/07/15 04:05:53 [notice] 1#1: signal 3 (SIGQUIT) received, shutting down
2024/07/15 04:05:53 [notice] 20#20: gracefully shutting down
2024/07/15 04:05:53 [notice] 22#22: gracefully shutting down
2024/07/15 04:05:53 [notice] 23#23: gracefully shutting down
2024/07/15 04:05:53 [notice] 21#21: gracefully shutting down
2024/07/15 04:05:53 [notice] 20#20: exiting
2024/07/15 04:05:53 [notice] 21#21: exiting
2024/07/15 04:05:53 [notice] 23#23: exiting
2024/07/15 04:05:53 [notice] 21#21: exit
2024/07/15 04:05:53 [notice] 23#23: exit
2024/07/15 04:05:53 [notice] 20#20: exit
2024/07/15 04:05:53 [notice] 22#22: exiting
2024/07/15 04:05:53 [notice] 22#22: exit
2024/07/15 04:05:53 [notice] 1#1: signal 17 (SIGCHLD) received from 23
2024/07/15 04:05:53 [notice] 1#1: worker process 20 exited with code 0
2024/07/15 04:05:53 [notice] 1#1: worker process 21 exited with code 0
2024/07/15 04:05:53 [notice] 1#1: worker process 22 exited with code 0
2024/07/15 04:05:53 [notice] 1#1: worker process 23 exited with code 0
2024/07/15 04:05:53 [notice] 1#1: exit
2024/07/15 07:42:22 [notice] 1#1: using the "epoll" event method
2024/07/15 07:42:22 [notice] 1#1: nginx/1.27.0
2024/07/15 07:42:22 [notice] 1#1: built by gcc 13.2.1 20231014 (Alpine 13.2.1_git20231014) 
2024/07/15 07:42:22 [notice] 1#1: OS: Linux 6.5.0-41-generic
2024/07/15 07:42:22 [notice] 1#1: getrlimit(RLIMIT_NOFILE): 1048576:1048576
2024/07/15 07:42:22 [notice] 1#1: start worker processes
2024/07/15 07:42:22 [notice] 1#1: start worker process 19
2024/07/15 07:42:22 [notice] 1#1: start worker process 20
2024/07/15 07:42:22 [notice] 1#1: start worker process 21
2024/07/15 07:42:22 [notice] 1#1: start worker process 22
2024/07/16 07:44:18 [notice] 1#1: using the "epoll" event method
2024/07/16 07:44:18 [notice] 1#1: nginx/1.27.0
2024/07/16 07:44:18 [notice] 1#1: built by gcc 13.2.1 20231014 (Alpine 13.2.1_git20231014) 
2024/07/16 07:44:18 [notice] 1#1: OS: Linux 6.5.0-41-generic
2024/07/16 07:44:18 [notice] 1#1: getrlimit(RLIMIT_NOFILE): 1048576:1048576
2024/07/16 07:44:18 [notice] 1#1: start worker processes
2024/07/16 07:44:18 [notice] 1#1: start worker process 20
2024/07/16 07:44:18 [notice] 1#1: start worker process 21
2024/07/16 07:44:18 [notice] 1#1: start worker process 22
2024/07/16 07:44:18 [notice] 1#1: start worker process 23
2024/07/17 04:12:09 [notice] 1#1: signal 3 (SIGQUIT) received, shutting down
2024/07/17 04:12:09 [notice] 21#21: gracefully shutting down
2024/07/17 04:12:09 [notice] 22#22: gracefully shutting down
2024/07/17 04:12:09 [notice] 23#23: gracefully shutting down
2024/07/17 04:12:09 [notice] 20#20: gracefully shutting down
2024/07/17 04:12:09 [notice] 21#21: exiting
2024/07/17 04:12:09 [notice] 20#20: exiting
2024/07/17 04:12:09 [notice] 22#22: exiting
2024/07/17 04:12:09 [notice] 23#23: exiting
2024/07/17 04:12:09 [notice] 23#23: exit
2024/07/17 04:12:09 [notice] 21#21: exit
2024/07/17 04:12:09 [notice] 22#22: exit
2024/07/17 04:12:09 [notice] 20#20: exit
2024/07/17 04:12:09 [notice] 1#1: signal 17 (SIGCHLD) received from 23
2024/07/17 04:12:09 [notice] 1#1: worker process 23 exited with code 0
2024/07/17 04:12:09 [notice] 1#1: worker process 21 exited with code 0
2024/07/17 04:12:09 [notice] 1#1: signal 29 (SIGIO) received
2024/07/17 04:12:09 [notice] 1#1: signal 17 (SIGCHLD) received from 21
2024/07/17 04:12:09 [notice] 1#1: signal 17 (SIGCHLD) received from 22
2024/07/17 04:12:09 [notice] 1#1: worker process 22 exited with code 0
2024/07/17 04:12:09 [notice] 1#1: signal 29 (SIGIO) received
2024/07/17 04:12:09 [notice] 1#1: signal 17 (SIGCHLD) received from 20
2024/07/17 04:12:09 [notice] 1#1: worker process 20 exited with code 0
2024/07/17 04:12:09 [notice] 1#1: exit
2024/07/17 04:18:16 [notice] 1#1: using the "epoll" event method
2024/07/17 04:18:16 [notice] 1#1: nginx/1.27.0
2024/07/17 04:18:16 [notice] 1#1: built by gcc 13.2.1 20231014 (Alpine 13.2.1_git20231014) 
2024/07/17 04:18:16 [notice] 1#1: OS: Linux 6.5.0-41-generic
2024/07/17 04:18:16 [notice] 1#1: getrlimit(RLIMIT_NOFILE): 1048576:1048576
2024/07/17 04:18:16 [notice] 1#1: start worker processes
2024/07/17 04:18:16 [notice] 1#1: start worker process 19
2024/07/17 04:18:16 [notice] 1#1: start worker process 20
2024/07/17 04:18:16 [notice] 1#1: start worker process 21
2024/07/17 04:18:16 [notice] 1#1: start worker process 22
2024/07/17 09:40:49 [notice] 1#1: signal 3 (SIGQUIT) received, shutting down
2024/07/17 09:40:49 [notice] 20#20: gracefully shutting down
2024/07/17 09:40:49 [notice] 22#22: gracefully shutting down
2024/07/17 09:40:49 [notice] 21#21: gracefully shutting down
2024/07/17 09:40:49 [notice] 20#20: exiting
2024/07/17 09:40:49 [notice] 22#22: exiting
2024/07/17 09:40:49 [notice] 21#21: exiting
2024/07/17 09:40:49 [notice] 19#19: gracefully shutting down
2024/07/17 09:40:49 [notice] 19#19: exiting
2024/07/17 09:40:49 [notice] 20#20: exit
2024/07/17 09:40:49 [notice] 21#21: exit
2024/07/17 09:40:49 [notice] 19#19: exit
2024/07/17 09:40:49 [notice] 22#22: exit
2024/07/17 09:40:50 [notice] 1#1: signal 17 (SIGCHLD) received from 22
2024/07/17 09:40:50 [notice] 1#1: worker process 22 exited with code 0
2024/07/17 09:40:50 [notice] 1#1: signal 29 (SIGIO) received
2024/07/17 09:40:50 [notice] 1#1: signal 17 (SIGCHLD) received from 19
2024/07/17 09:40:50 [notice] 1#1: worker process 19 exited with code 0
2024/07/17 09:40:50 [notice] 1#1: signal 29 (SIGIO) received
2024/07/17 09:40:50 [notice] 1#1: signal 17 (SIGCHLD) received from 21
2024/07/17 09:40:50 [notice] 1#1: worker process 21 exited with code 0
2024/07/17 09:40:50 [notice] 1#1: signal 29 (SIGIO) received
2024/07/17 09:40:50 [notice] 1#1: signal 17 (SIGCHLD) received from 20
2024/07/17 09:40:50 [notice] 1#1: worker process 20 exited with code 0
2024/07/17 09:40:50 [notice] 1#1: exit
2024/07/18 02:06:05 [notice] 1#1: using the "epoll" event method
2024/07/18 02:06:05 [notice] 1#1: nginx/1.27.0
2024/07/18 02:06:05 [notice] 1#1: built by gcc 13.2.1 20231014 (Alpine 13.2.1_git20231014) 
2024/07/18 02:06:05 [notice] 1#1: OS: Linux 6.5.0-41-generic
2024/07/18 02:06:05 [notice] 1#1: getrlimit(RLIMIT_NOFILE): 1048576:1048576
2024/07/18 02:06:05 [notice] 1#1: start worker processes
2024/07/18 02:06:05 [notice] 1#1: start worker process 21
2024/07/18 02:06:05 [notice] 1#1: start worker process 22
2024/07/18 02:06:05 [notice] 1#1: start worker process 23
2024/07/18 02:06:05 [notice] 1#1: start worker process 24
2024/07/18 04:21:48 [notice] 1#1: signal 3 (SIGQUIT) received, shutting down
2024/07/18 04:21:48 [notice] 22#22: gracefully shutting down
2024/07/18 04:21:48 [notice] 24#24: gracefully shutting down
2024/07/18 04:21:48 [notice] 21#21: gracefully shutting down
2024/07/18 04:21:48 [notice] 23#23: gracefully shutting down
2024/07/18 04:21:48 [notice] 22#22: exiting
2024/07/18 04:21:48 [notice] 23#23: exiting
2024/07/18 04:21:48 [notice] 21#21: exiting
2024/07/18 04:21:48 [notice] 24#24: exiting
2024/07/18 04:21:48 [notice] 21#21: exit
2024/07/18 04:21:48 [notice] 22#22: exit
2024/07/18 04:21:48 [notice] 24#24: exit
2024/07/18 04:21:48 [notice] 23#23: exit
2024/07/18 04:21:49 [notice] 1#1: signal 17 (SIGCHLD) received from 21
2024/07/18 04:21:49 [notice] 1#1: worker process 21 exited with code 0
2024/07/18 04:21:49 [notice] 1#1: worker process 22 exited with code 0
2024/07/18 04:21:49 [notice] 1#1: worker process 23 exited with code 0
2024/07/18 04:21:49 [notice] 1#1: worker process 24 exited with code 0
2024/07/18 04:21:49 [notice] 1#1: exit
2024/07/21 10:46:32 [notice] 1#1: using the "epoll" event method
2024/07/21 10:46:32 [notice] 1#1: nginx/1.27.0
2024/07/21 10:46:32 [notice] 1#1: built by gcc 13.2.1 20231014 (Alpine 13.2.1_git20231014) 
2024/07/21 10:46:32 [notice] 1#1: OS: Linux 6.5.0-44-generic
2024/07/21 10:46:32 [notice] 1#1: getrlimit(RLIMIT_NOFILE): 1048576:1048576
2024/07/21 10:46:32 [notice] 1#1: start worker processes
2024/07/21 10:46:32 [notice] 1#1: start worker process 20
2024/07/21 10:46:32 [notice] 1#1: start worker process 21
2024/07/21 10:46:32 [notice] 1#1: start worker process 22
2024/07/21 10:46:32 [notice] 1#1: start worker process 23
2024/07/21 11:19:26 [notice] 1#1: signal 3 (SIGQUIT) received, shutting down
2024/07/21 11:19:26 [notice] 23#23: gracefully shutting down
2024/07/21 11:19:26 [notice] 21#21: gracefully shutting down
2024/07/21 11:19:26 [notice] 20#20: gracefully shutting down
2024/07/21 11:19:26 [notice] 22#22: gracefully shutting down
2024/07/21 11:19:26 [notice] 23#23: exiting
2024/07/21 11:19:26 [notice] 20#20: exiting
2024/07/21 11:19:26 [notice] 21#21: exiting
2024/07/21 11:19:26 [notice] 22#22: exiting
2024/07/21 11:19:26 [notice] 23#23: exit
2024/07/21 11:19:26 [notice] 22#22: exit
2024/07/21 11:19:26 [notice] 20#20: exit
2024/07/21 11:19:26 [notice] 21#21: exit
2024/07/21 11:19:26 [notice] 1#1: signal 17 (SIGCHLD) received from 21
2024/07/21 11:19:26 [notice] 1#1: worker process 21 exited with code 0
2024/07/21 11:19:26 [notice] 1#1: worker process 20 exited with code 0
2024/07/21 11:19:26 [notice] 1#1: worker process 23 exited with code 0
2024/07/21 11:19:26 [notice] 1#1: signal 29 (SIGIO) received
2024/07/21 11:19:26 [notice] 1#1: signal 17 (SIGCHLD) received from 20
2024/07/21 11:19:26 [notice] 1#1: signal 17 (SIGCHLD) received from 22
2024/07/21 11:19:26 [notice] 1#1: worker process 22 exited with code 0
2024/07/21 11:19:26 [notice] 1#1: exit
2024/07/23 02:32:21 [notice] 1#1: using the "epoll" event method
2024/07/23 02:32:21 [notice] 1#1: nginx/1.27.0
2024/07/23 02:32:21 [notice] 1#1: built by gcc 13.2.1 20231014 (Alpine 13.2.1_git20231014) 
2024/07/23 02:32:21 [notice] 1#1: OS: Linux 6.5.0-44-generic
2024/07/23 02:32:21 [notice] 1#1: getrlimit(RLIMIT_NOFILE): 1048576:1048576
2024/07/23 02:32:21 [notice] 1#1: start worker processes
2024/07/23 02:32:21 [notice] 1#1: start worker process 20
2024/07/23 02:32:21 [notice] 1#1: start worker process 21
2024/07/23 02:32:21 [notice] 1#1: start worker process 22
2024/07/23 02:32:21 [notice] 1#1: start worker process 23
2024/07/23 02:47:24 [notice] 1#1: signal 3 (SIGQUIT) received, shutting down
2024/07/23 02:47:24 [notice] 22#22: gracefully shutting down
2024/07/23 02:47:24 [notice] 23#23: gracefully shutting down
2024/07/23 02:47:24 [notice] 21#21: gracefully shutting down
2024/07/23 02:47:24 [notice] 20#20: gracefully shutting down
2024/07/23 02:47:24 [notice] 22#22: exiting
2024/07/23 02:47:24 [notice] 20#20: exiting
2024/07/23 02:47:24 [notice] 22#22: exit
2024/07/23 02:47:24 [notice] 20#20: exit
2024/07/23 02:47:24 [notice] 23#23: exiting
2024/07/23 02:47:24 [notice] 23#23: exit
2024/07/23 02:47:24 [notice] 21#21: exiting
2024/07/23 02:47:24 [notice] 21#21: exit
2024/07/23 02:47:25 [notice] 1#1: signal 17 (SIGCHLD) received from 23
2024/07/23 02:47:25 [notice] 1#1: worker process 23 exited with code 0
2024/07/23 02:47:25 [notice] 1#1: signal 29 (SIGIO) received
2024/07/23 02:47:25 [notice] 1#1: signal 17 (SIGCHLD) received from 20
2024/07/23 02:47:25 [notice] 1#1: worker process 20 exited with code 0
2024/07/23 02:47:25 [notice] 1#1: signal 29 (SIGIO) received
2024/07/23 02:47:25 [notice] 1#1: signal 17 (SIGCHLD) received from 22
2024/07/23 02:47:25 [notice] 1#1: worker process 22 exited with code 0
2024/07/23 02:47:25 [notice] 1#1: signal 29 (SIGIO) received
2024/07/23 02:47:25 [notice] 1#1: signal 17 (SIGCHLD) received from 21
2024/07/23 02:47:25 [notice] 1#1: worker process 21 exited with code 0
2024/07/23 02:47:25 [notice] 1#1: exit
2024/07/23 02:49:17 [notice] 1#1: using the "epoll" event method
2024/07/23 02:49:17 [notice] 1#1: nginx/1.27.0
2024/07/23 02:49:17 [notice] 1#1: built by gcc 13.2.1 20231014 (Alpine 13.2.1_git20231014) 
2024/07/23 02:49:17 [notice] 1#1: OS: Linux 6.5.0-44-generic
2024/07/23 02:49:17 [notice] 1#1: getrlimit(RLIMIT_NOFILE): 1048576:1048576
2024/07/23 02:49:17 [notice] 1#1: start worker processes
2024/07/23 02:49:17 [notice] 1#1: start worker process 19
2024/07/23 02:49:17 [notice] 1#1: start worker process 20
2024/07/23 02:49:17 [notice] 1#1: start worker process 21
2024/07/23 02:49:17 [notice] 1#1: start worker process 22
2024/07/23 02:49:25 [notice] 1#1: signal 3 (SIGQUIT) received, shutting down
2024/07/23 02:49:25 [notice] 22#22: gracefully shutting down
2024/07/23 02:49:25 [notice] 22#22: exiting
2024/07/23 02:49:25 [notice] 22#22: exit
2024/07/23 02:49:25 [notice] 20#20: gracefully shutting down
2024/07/23 02:49:25 [notice] 20#20: exiting
2024/07/23 02:49:25 [notice] 20#20: exit
2024/07/23 02:49:25 [notice] 21#21: gracefully shutting down
2024/07/23 02:49:25 [notice] 21#21: exiting
2024/07/23 02:49:25 [notice] 21#21: exit
2024/07/23 02:49:25 [notice] 19#19: gracefully shutting down
2024/07/23 02:49:25 [notice] 19#19: exiting
2024/07/23 02:49:25 [notice] 19#19: exit
2024/07/23 02:49:25 [notice] 1#1: signal 17 (SIGCHLD) received from 22
2024/07/23 02:49:25 [notice] 1#1: worker process 22 exited with code 0
2024/07/23 02:49:25 [notice] 1#1: signal 29 (SIGIO) received
2024/07/23 02:49:25 [notice] 1#1: signal 17 (SIGCHLD) received from 21
2024/07/23 02:49:25 [notice] 1#1: worker process 21 exited with code 0
2024/07/23 02:49:25 [notice] 1#1: signal 29 (SIGIO) received
2024/07/23 02:49:25 [notice] 1#1: signal 17 (SIGCHLD) received from 19
2024/07/23 02:49:25 [notice] 1#1: worker process 19 exited with code 0
2024/07/23 02:49:25 [notice] 1#1: signal 29 (SIGIO) received
2024/07/23 02:49:25 [notice] 1#1: signal 17 (SIGCHLD) received from 20
2024/07/23 02:49:25 [notice] 1#1: worker process 20 exited with code 0
2024/07/23 02:49:25 [notice] 1#1: exit
2024/07/23 02:57:57 [notice] 1#1: using the "epoll" event method
2024/07/23 02:57:57 [notice] 1#1: nginx/1.27.0
2024/07/23 02:57:57 [notice] 1#1: built by gcc 13.2.1 20231014 (Alpine 13.2.1_git20231014) 
2024/07/23 02:57:57 [notice] 1#1: OS: Linux 6.5.0-44-generic
2024/07/23 02:57:57 [notice] 1#1: getrlimit(RLIMIT_NOFILE): 1048576:1048576
2024/07/23 02:57:57 [notice] 1#1: start worker processes
2024/07/23 02:57:57 [notice] 1#1: start worker process 19
2024/07/23 02:57:57 [notice] 1#1: start worker process 20
2024/07/23 02:57:57 [notice] 1#1: start worker process 21
2024/07/23 02:57:57 [notice] 1#1: start worker process 22
2024/07/23 03:30:37 [notice] 1#1: signal 3 (SIGQUIT) received, shutting down
2024/07/23 03:30:37 [notice] 22#22: gracefully shutting down
2024/07/23 03:30:37 [notice] 19#19: gracefully shutting down
2024/07/23 03:30:37 [notice] 21#21: gracefully shutting down
2024/07/23 03:30:37 [notice] 20#20: gracefully shutting down
2024/07/23 03:30:37 [notice] 20#20: exiting
2024/07/23 03:30:37 [notice] 19#19: exiting
2024/07/23 03:30:37 [notice] 22#22: exiting
2024/07/23 03:30:37 [notice] 19#19: exit
2024/07/23 03:30:37 [notice] 20#20: exit
2024/07/23 03:30:37 [notice] 22#22: exit
2024/07/23 03:30:37 [notice] 21#21: exiting
2024/07/23 03:30:37 [notice] 21#21: exit
2024/07/23 03:30:37 [notice] 1#1: signal 17 (SIGCHLD) received from 21
2024/07/23 03:30:37 [notice] 1#1: worker process 21 exited with code 0
2024/07/23 03:30:37 [notice] 1#1: worker process 22 exited with code 0
2024/07/23 03:30:37 [notice] 1#1: signal 29 (SIGIO) received
2024/07/23 03:30:37 [notice] 1#1: signal 17 (SIGCHLD) received from 22
2024/07/23 03:30:37 [notice] 1#1: signal 17 (SIGCHLD) received from 20
2024/07/23 03:30:37 [notice] 1#1: worker process 20 exited with code 0
2024/07/23 03:30:37 [notice] 1#1: signal 29 (SIGIO) received
2024/07/23 03:30:37 [notice] 1#1: signal 17 (SIGCHLD) received from 19
2024/07/23 03:30:37 [notice] 1#1: worker process 19 exited with code 0
2024/07/23 03:30:37 [notice] 1#1: exit
2024/07/23 03:55:46 [notice] 1#1: using the "epoll" event method
2024/07/23 03:55:46 [notice] 1#1: nginx/1.27.0
2024/07/23 03:55:46 [notice] 1#1: built by gcc 13.2.1 20231014 (Alpine 13.2.1_git20231014) 
2024/07/23 03:55:46 [notice] 1#1: OS: Linux 6.5.0-44-generic
2024/07/23 03:55:46 [notice] 1#1: getrlimit(RLIMIT_NOFILE): 1048576:1048576
2024/07/23 03:55:46 [notice] 1#1: start worker processes
2024/07/23 03:55:46 [notice] 1#1: start worker process 20
2024/07/23 03:55:46 [notice] 1#1: start worker process 21
2024/07/23 03:55:46 [notice] 1#1: start worker process 22
2024/07/23 03:55:46 [notice] 1#1: start worker process 23
2024/07/23 04:13:15 [notice] 1#1: signal 3 (SIGQUIT) received, shutting down
2024/07/23 04:13:15 [notice] 21#21: gracefully shutting down
2024/07/23 04:13:15 [notice] 20#20: gracefully shutting down
2024/07/23 04:13:15 [notice] 23#23: gracefully shutting down
2024/07/23 04:13:15 [notice] 22#22: gracefully shutting down
2024/07/23 04:13:15 [notice] 21#21: exiting
2024/07/23 04:13:15 [notice] 22#22: exiting
2024/07/23 04:13:15 [notice] 23#23: exiting
2024/07/23 04:13:15 [notice] 20#20: exiting
2024/07/23 04:13:15 [notice] 22#22: exit
2024/07/23 04:13:15 [notice] 23#23: exit
2024/07/23 04:13:15 [notice] 20#20: exit
2024/07/23 04:13:15 [notice] 21#21: exit
2024/07/23 04:13:16 [notice] 1#1: signal 17 (SIGCHLD) received from 20
2024/07/23 04:13:16 [notice] 1#1: worker process 20 exited with code 0
2024/07/23 04:13:16 [notice] 1#1: worker process 21 exited with code 0
2024/07/23 04:13:16 [notice] 1#1: worker process 22 exited with code 0
2024/07/23 04:13:16 [notice] 1#1: worker process 23 exited with code 0
2024/07/23 04:13:16 [notice] 1#1: exit
2024/07/23 04:14:36 [notice] 1#1: using the "epoll" event method
2024/07/23 04:14:36 [notice] 1#1: nginx/1.27.0
2024/07/23 04:14:36 [notice] 1#1: built by gcc 13.2.1 20231014 (Alpine 13.2.1_git20231014) 
2024/07/23 04:14:36 [notice] 1#1: OS: Linux 6.5.0-44-generic
2024/07/23 04:14:36 [notice] 1#1: getrlimit(RLIMIT_NOFILE): 1048576:1048576
2024/07/23 04:14:36 [notice] 1#1: start worker processes
2024/07/23 04:14:36 [notice] 1#1: start worker process 20
2024/07/23 04:14:36 [notice] 1#1: start worker process 21
2024/07/23 04:14:36 [notice] 1#1: start worker process 22
2024/07/23 04:14:36 [notice] 1#1: start worker process 23
2024/07/23 04:21:59 [notice] 1#1: signal 3 (SIGQUIT) received, shutting down
2024/07/23 04:21:59 [notice] 20#20: gracefully shutting down
2024/07/23 04:21:59 [notice] 21#21: gracefully shutting down
2024/07/23 04:21:59 [notice] 22#22: gracefully shutting down
2024/07/23 04:21:59 [notice] 23#23: gracefully shutting down
2024/07/23 04:21:59 [notice] 22#22: exiting
2024/07/23 04:21:59 [notice] 20#20: exiting
2024/07/23 04:21:59 [notice] 23#23: exiting
2024/07/23 04:21:59 [notice] 21#21: exiting
2024/07/23 04:21:59 [notice] 22#22: exit
2024/07/23 04:21:59 [notice] 23#23: exit
2024/07/23 04:21:59 [notice] 21#21: exit
2024/07/23 04:21:59 [notice] 20#20: exit
2024/07/23 04:21:59 [notice] 1#1: signal 17 (SIGCHLD) received from 20
2024/07/23 04:21:59 [notice] 1#1: worker process 20 exited with code 0
2024/07/23 04:21:59 [notice] 1#1: signal 29 (SIGIO) received
2024/07/23 04:21:59 [notice] 1#1: signal 17 (SIGCHLD) received from 22
2024/07/23 04:21:59 [notice] 1#1: worker process 22 exited with code 0
2024/07/23 04:21:59 [notice] 1#1: signal 29 (SIGIO) received
2024/07/23 04:21:59 [notice] 1#1: signal 17 (SIGCHLD) received from 21
2024/07/23 04:21:59 [notice] 1#1: worker process 21 exited with code 0
2024/07/23 04:21:59 [notice] 1#1: signal 29 (SIGIO) received
2024/07/23 04:21:59 [notice] 1#1: signal 17 (SIGCHLD) received from 23
2024/07/23 04:21:59 [notice] 1#1: worker process 23 exited with code 0
2024/07/23 04:21:59 [notice] 1#1: exit
2024/07/23 04:32:23 [notice] 1#1: using the "epoll" event method
2024/07/23 04:32:23 [notice] 1#1: nginx/1.27.0
2024/07/23 04:32:23 [notice] 1#1: built by gcc 13.2.1 20231014 (Alpine 13.2.1_git20231014) 
2024/07/23 04:32:23 [notice] 1#1: OS: Linux 6.5.0-44-generic
2024/07/23 04:32:23 [notice] 1#1: getrlimit(RLIMIT_NOFILE): 1048576:1048576
2024/07/23 04:32:23 [notice] 1#1: start worker processes
2024/07/23 04:32:23 [notice] 1#1: start worker process 19
2024/07/23 04:32:23 [notice] 1#1: start worker process 20
2024/07/23 04:32:23 [notice] 1#1: start worker process 21
2024/07/23 04:32:23 [notice] 1#1: start worker process 22
2024/07/23 04:35:51 [notice] 1#1: signal 3 (SIGQUIT) received, shutting down
2024/07/23 04:35:51 [notice] 22#22: gracefully shutting down
2024/07/23 04:35:51 [notice] 22#22: exiting
2024/07/23 04:35:51 [notice] 19#19: gracefully shutting down
2024/07/23 04:35:51 [notice] 19#19: exiting
2024/07/23 04:35:51 [notice] 20#20: gracefully shutting down
2024/07/23 04:35:51 [notice] 20#20: exiting
2024/07/23 04:35:51 [notice] 21#21: gracefully shutting down
2024/07/23 04:35:51 [notice] 21#21: exiting
2024/07/23 04:35:51 [notice] 19#19: exit
2024/07/23 04:35:51 [notice] 22#22: exit
2024/07/23 04:35:51 [notice] 20#20: exit
2024/07/23 04:35:51 [notice] 21#21: exit
2024/07/23 04:35:51 [notice] 1#1: signal 17 (SIGCHLD) received from 20
2024/07/23 04:35:51 [notice] 1#1: worker process 20 exited with code 0
2024/07/23 04:35:51 [notice] 1#1: signal 29 (SIGIO) received
2024/07/23 04:35:51 [notice] 1#1: signal 17 (SIGCHLD) received from 21
2024/07/23 04:35:51 [notice] 1#1: worker process 21 exited with code 0
2024/07/23 04:35:51 [notice] 1#1: signal 29 (SIGIO) received
2024/07/23 04:35:51 [notice] 1#1: signal 17 (SIGCHLD) received from 19
2024/07/23 04:35:51 [notice] 1#1: worker process 19 exited with code 0
2024/07/23 04:35:51 [notice] 1#1: signal 29 (SIGIO) received
2024/07/23 04:35:51 [notice] 1#1: signal 17 (SIGCHLD) received from 22
2024/07/23 04:35:51 [notice] 1#1: worker process 22 exited with code 0
2024/07/23 04:35:51 [notice] 1#1: exit
2024/07/23 04:38:54 [notice] 1#1: using the "epoll" event method
2024/07/23 04:38:54 [notice] 1#1: nginx/1.27.0
2024/07/23 04:38:54 [notice] 1#1: built by gcc 13.2.1 20231014 (Alpine 13.2.1_git20231014) 
2024/07/23 04:38:54 [notice] 1#1: OS: Linux 6.5.0-44-generic
2024/07/23 04:38:54 [notice] 1#1: getrlimit(RLIMIT_NOFILE): 1048576:1048576
2024/07/23 04:38:54 [notice] 1#1: start worker processes
2024/07/23 04:38:54 [notice] 1#1: start worker process 20
2024/07/23 04:38:54 [notice] 1#1: start worker process 21
2024/07/23 04:38:54 [notice] 1#1: start worker process 22
2024/07/23 04:38:54 [notice] 1#1: start worker process 23
2024/07/23 04:40:31 [notice] 1#1: signal 3 (SIGQUIT) received, shutting down
2024/07/23 04:40:31 [notice] 23#23: gracefully shutting down
2024/07/23 04:40:31 [notice] 23#23: exiting
2024/07/23 04:40:31 [notice] 22#22: gracefully shutting down
2024/07/23 04:40:31 [notice] 21#21: gracefully shutting down
2024/07/23 04:40:31 [notice] 20#20: gracefully shutting down
2024/07/23 04:40:31 [notice] 22#22: exiting
2024/07/23 04:40:31 [notice] 20#20: exiting
2024/07/23 04:40:31 [notice] 21#21: exiting
2024/07/23 04:40:31 [notice] 20#20: exit
2024/07/23 04:40:31 [notice] 22#22: exit
2024/07/23 04:40:31 [notice] 21#21: exit
2024/07/23 04:40:31 [notice] 23#23: exit
2024/07/23 04:40:32 [notice] 1#1: signal 17 (SIGCHLD) received from 21
2024/07/23 04:40:32 [notice] 1#1: worker process 21 exited with code 0
2024/07/23 04:40:32 [notice] 1#1: signal 29 (SIGIO) received
2024/07/23 04:40:32 [notice] 1#1: signal 17 (SIGCHLD) received from 23
2024/07/23 04:40:32 [notice] 1#1: worker process 23 exited with code 0
2024/07/23 04:40:32 [notice] 1#1: signal 29 (SIGIO) received
2024/07/23 04:40:32 [notice] 1#1: signal 17 (SIGCHLD) received from 22
2024/07/23 04:40:32 [notice] 1#1: worker process 22 exited with code 0
2024/07/23 04:40:32 [notice] 1#1: signal 29 (SIGIO) received
2024/07/23 04:40:32 [notice] 1#1: signal 17 (SIGCHLD) received from 20
2024/07/23 04:40:32 [notice] 1#1: worker process 20 exited with code 0
2024/07/23 04:40:32 [notice] 1#1: exit
2024/07/23 04:41:04 [notice] 1#1: using the "epoll" event method
2024/07/23 04:41:04 [notice] 1#1: nginx/1.27.0
2024/07/23 04:41:04 [notice] 1#1: built by gcc 13.2.1 20231014 (Alpine 13.2.1_git20231014) 
2024/07/23 04:41:04 [notice] 1#1: OS: Linux 6.5.0-44-generic
2024/07/23 04:41:04 [notice] 1#1: getrlimit(RLIMIT_NOFILE): 1048576:1048576
2024/07/23 04:41:04 [notice] 1#1: start worker processes
2024/07/23 04:41:04 [notice] 1#1: start worker process 20
2024/07/23 04:41:04 [notice] 1#1: start worker process 21
2024/07/23 04:41:04 [notice] 1#1: start worker process 22
2024/07/23 04:41:04 [notice] 1#1: start worker process 23
2024/07/23 04:46:24 [notice] 1#1: signal 3 (SIGQUIT) received, shutting down
2024/07/23 04:46:24 [notice] 20#20: gracefully shutting down
2024/07/23 04:46:24 [notice] 21#21: gracefully shutting down
2024/07/23 04:46:24 [notice] 22#22: gracefully shutting down
2024/07/23 04:46:24 [notice] 23#23: gracefully shutting down
2024/07/23 04:46:24 [notice] 23#23: exiting
2024/07/23 04:46:24 [notice] 21#21: exiting
2024/07/23 04:46:24 [notice] 20#20: exiting
2024/07/23 04:46:24 [notice] 22#22: exiting
2024/07/23 04:46:24 [notice] 22#22: exit
2024/07/23 04:46:24 [notice] 23#23: exit
2024/07/23 04:46:24 [notice] 20#20: exit
2024/07/23 04:46:24 [notice] 21#21: exit
2024/07/23 04:46:24 [notice] 1#1: signal 17 (SIGCHLD) received from 21
2024/07/23 04:46:24 [notice] 1#1: worker process 21 exited with code 0
2024/07/23 04:46:24 [notice] 1#1: signal 29 (SIGIO) received
2024/07/23 04:46:24 [notice] 1#1: signal 17 (SIGCHLD) received from 23
2024/07/23 04:46:24 [notice] 1#1: worker process 23 exited with code 0
2024/07/23 04:46:24 [notice] 1#1: signal 29 (SIGIO) received
2024/07/23 04:46:24 [notice] 1#1: signal 17 (SIGCHLD) received from 22
2024/07/23 04:46:24 [notice] 1#1: worker process 22 exited with code 0
2024/07/23 04:46:24 [notice] 1#1: signal 29 (SIGIO) received
2024/07/23 04:46:24 [notice] 1#1: signal 17 (SIGCHLD) received from 20
2024/07/23 04:46:24 [notice] 1#1: worker process 20 exited with code 0
2024/07/23 04:46:24 [notice] 1#1: exit
2024/07/23 04:49:27 [notice] 1#1: using the "epoll" event method
2024/07/23 04:49:27 [notice] 1#1: nginx/1.27.0
2024/07/23 04:49:27 [notice] 1#1: built by gcc 13.2.1 20231014 (Alpine 13.2.1_git20231014) 
2024/07/23 04:49:27 [notice] 1#1: OS: Linux 6.5.0-44-generic
2024/07/23 04:49:27 [notice] 1#1: getrlimit(RLIMIT_NOFILE): 1048576:1048576
2024/07/23 04:49:27 [notice] 1#1: start worker processes
2024/07/23 04:49:27 [notice] 1#1: start worker process 20
2024/07/23 04:49:27 [notice] 1#1: start worker process 21
2024/07/23 04:49:27 [notice] 1#1: start worker process 22
2024/07/23 04:49:27 [notice] 1#1: start worker process 23
2024/07/23 04:50:54 [notice] 1#1: signal 3 (SIGQUIT) received, shutting down
2024/07/23 04:50:54 [notice] 20#20: gracefully shutting down
2024/07/23 04:50:54 [notice] 20#20: exiting
2024/07/23 04:50:54 [notice] 21#21: gracefully shutting down
2024/07/23 04:50:54 [notice] 21#21: exiting
2024/07/23 04:50:54 [notice] 22#22: gracefully shutting down
2024/07/23 04:50:54 [notice] 22#22: exiting
2024/07/23 04:50:54 [notice] 21#21: exit
2024/07/23 04:50:54 [notice] 20#20: exit
2024/07/23 04:50:54 [notice] 23#23: gracefully shutting down
2024/07/23 04:50:54 [notice] 23#23: exiting
2024/07/23 04:50:54 [notice] 23#23: exit
2024/07/23 04:50:54 [notice] 22#22: exit
2024/07/23 04:50:54 [notice] 1#1: signal 17 (SIGCHLD) received from 21
2024/07/23 04:50:54 [notice] 1#1: worker process 20 exited with code 0
2024/07/23 04:50:54 [notice] 1#1: worker process 21 exited with code 0
2024/07/23 04:50:54 [notice] 1#1: worker process 22 exited with code 0
2024/07/23 04:50:54 [notice] 1#1: worker process 23 exited with code 0
2024/07/23 04:50:54 [notice] 1#1: exit
2024/07/23 04:51:07 [notice] 1#1: using the "epoll" event method
2024/07/23 04:51:07 [notice] 1#1: nginx/1.27.0
2024/07/23 04:51:07 [notice] 1#1: built by gcc 13.2.1 20231014 (Alpine 13.2.1_git20231014) 
2024/07/23 04:51:07 [notice] 1#1: OS: Linux 6.5.0-44-generic
2024/07/23 04:51:07 [notice] 1#1: getrlimit(RLIMIT_NOFILE): 1048576:1048576
2024/07/23 04:51:07 [notice] 1#1: start worker processes
2024/07/23 04:51:07 [notice] 1#1: start worker process 20
2024/07/23 04:51:07 [notice] 1#1: start worker process 21
2024/07/23 04:51:07 [notice] 1#1: start worker process 22
2024/07/23 04:51:07 [notice] 1#1: start worker process 23
2024/07/23 05:00:20 [notice] 1#1: signal 3 (SIGQUIT) received, shutting down
2024/07/23 05:00:20 [notice] 21#21: gracefully shutting down
2024/07/23 05:00:20 [notice] 21#21: exiting
2024/07/23 05:00:20 [notice] 23#23: gracefully shutting down
2024/07/23 05:00:20 [notice] 23#23: exiting
2024/07/23 05:00:20 [notice] 22#22: gracefully shutting down
2024/07/23 05:00:20 [notice] 22#22: exiting
2024/07/23 05:00:20 [notice] 20#20: gracefully shutting down
2024/07/23 05:00:20 [notice] 20#20: exiting
2024/07/23 05:00:20 [notice] 20#20: exit
2024/07/23 05:00:20 [notice] 21#21: exit
2024/07/23 05:00:20 [notice] 22#22: exit
2024/07/23 05:00:20 [notice] 23#23: exit
2024/07/23 05:00:20 [notice] 1#1: signal 17 (SIGCHLD) received from 22
2024/07/23 05:00:20 [notice] 1#1: worker process 21 exited with code 0
2024/07/23 05:00:20 [notice] 1#1: worker process 22 exited with code 0
2024/07/23 05:00:20 [notice] 1#1: signal 29 (SIGIO) received
2024/07/23 05:00:20 [notice] 1#1: signal 17 (SIGCHLD) received from 21
2024/07/23 05:00:20 [notice] 1#1: signal 17 (SIGCHLD) received from 20
2024/07/23 05:00:20 [notice] 1#1: worker process 20 exited with code 0
2024/07/23 05:00:20 [notice] 1#1: worker process 23 exited with code 0
2024/07/23 05:00:20 [notice] 1#1: exit
2024/07/23 05:01:34 [notice] 1#1: using the "epoll" event method
2024/07/23 05:01:34 [notice] 1#1: nginx/1.27.0
2024/07/23 05:01:34 [notice] 1#1: built by gcc 13.2.1 20231014 (Alpine 13.2.1_git20231014) 
2024/07/23 05:01:34 [notice] 1#1: OS: Linux 6.5.0-44-generic
2024/07/23 05:01:34 [notice] 1#1: getrlimit(RLIMIT_NOFILE): 1048576:1048576
2024/07/23 05:01:34 [notice] 1#1: start worker processes
2024/07/23 05:01:34 [notice] 1#1: start worker process 20
2024/07/23 05:01:34 [notice] 1#1: start worker process 21
2024/07/23 05:01:34 [notice] 1#1: start worker process 22
2024/07/23 05:01:34 [notice] 1#1: start worker process 23
2024/07/23 05:03:36 [notice] 1#1: signal 3 (SIGQUIT) received, shutting down
2024/07/23 05:03:36 [notice] 20#20: gracefully shutting down
2024/07/23 05:03:36 [notice] 20#20: exiting
2024/07/23 05:03:36 [notice] 22#22: gracefully shutting down
2024/07/23 05:03:36 [notice] 22#22: exiting
2024/07/23 05:03:36 [notice] 23#23: gracefully shutting down
2024/07/23 05:03:36 [notice] 23#23: exiting
2024/07/23 05:03:36 [notice] 21#21: gracefully shutting down
2024/07/23 05:03:36 [notice] 21#21: exiting
2024/07/23 05:03:36 [notice] 20#20: exit
2024/07/23 05:03:36 [notice] 22#22: exit
2024/07/23 05:03:36 [notice] 21#21: exit
2024/07/23 05:03:36 [notice] 23#23: exit
2024/07/23 05:03:36 [notice] 1#1: signal 17 (SIGCHLD) received from 20
2024/07/23 05:03:36 [notice] 1#1: worker process 20 exited with code 0
2024/07/23 05:03:36 [notice] 1#1: worker process 23 exited with code 0
2024/07/23 05:03:36 [notice] 1#1: signal 29 (SIGIO) received
2024/07/23 05:03:36 [notice] 1#1: signal 17 (SIGCHLD) received from 21
2024/07/23 05:03:36 [notice] 1#1: worker process 21 exited with code 0
2024/07/23 05:03:36 [notice] 1#1: signal 29 (SIGIO) received
2024/07/23 05:03:36 [notice] 1#1: signal 17 (SIGCHLD) received from 22
2024/07/23 05:03:36 [notice] 1#1: worker process 22 exited with code 0
2024/07/23 05:03:36 [notice] 1#1: exit
2024/07/23 05:05:26 [notice] 1#1: using the "epoll" event method
2024/07/23 05:05:26 [notice] 1#1: nginx/1.27.0
2024/07/23 05:05:26 [notice] 1#1: built by gcc 13.2.1 20231014 (Alpine 13.2.1_git20231014) 
2024/07/23 05:05:26 [notice] 1#1: OS: Linux 6.5.0-44-generic
2024/07/23 05:05:26 [notice] 1#1: getrlimit(RLIMIT_NOFILE): 1048576:1048576
2024/07/23 05:05:26 [notice] 1#1: start worker processes
2024/07/23 05:05:26 [notice] 1#1: start worker process 19
2024/07/23 05:05:26 [notice] 1#1: start worker process 20
2024/07/23 05:05:26 [notice] 1#1: start worker process 21
2024/07/23 05:05:26 [notice] 1#1: start worker process 22
2024/07/23 05:08:54 [notice] 1#1: signal 3 (SIGQUIT) received, shutting down
2024/07/23 05:08:54 [notice] 22#22: gracefully shutting down
2024/07/23 05:08:54 [notice] 21#21: gracefully shutting down
2024/07/23 05:08:54 [notice] 22#22: exiting
2024/07/23 05:08:54 [notice] 21#21: exiting
2024/07/23 05:08:54 [notice] 20#20: gracefully shutting down
2024/07/23 05:08:54 [notice] 19#19: gracefully shutting down
2024/07/23 05:08:54 [notice] 20#20: exiting
2024/07/23 05:08:54 [notice] 19#19: exiting
2024/07/23 05:08:54 [notice] 22#22: exit
2024/07/23 05:08:54 [notice] 19#19: exit
2024/07/23 05:08:54 [notice] 21#21: exit
2024/07/23 05:08:54 [notice] 20#20: exit
2024/07/23 05:08:54 [notice] 1#1: signal 17 (SIGCHLD) received from 19
2024/07/23 05:08:54 [notice] 1#1: worker process 19 exited with code 0
2024/07/23 05:08:54 [notice] 1#1: worker process 20 exited with code 0
2024/07/23 05:08:54 [notice] 1#1: signal 29 (SIGIO) received
2024/07/23 05:08:54 [notice] 1#1: signal 17 (SIGCHLD) received from 20
2024/07/23 05:08:54 [notice] 1#1: signal 17 (SIGCHLD) received from 21
2024/07/23 05:08:54 [notice] 1#1: worker process 21 exited with code 0
2024/07/23 05:08:54 [notice] 1#1: signal 17 (SIGCHLD) received from 22
2024/07/23 05:08:54 [notice] 1#1: worker process 22 exited with code 0
2024/07/23 05:08:54 [notice] 1#1: exit
2024/07/23 05:09:07 [notice] 1#1: using the "epoll" event method
2024/07/23 05:09:07 [notice] 1#1: nginx/1.27.0
2024/07/23 05:09:07 [notice] 1#1: built by gcc 13.2.1 20231014 (Alpine 13.2.1_git20231014) 
2024/07/23 05:09:07 [notice] 1#1: OS: Linux 6.5.0-44-generic
2024/07/23 05:09:07 [notice] 1#1: getrlimit(RLIMIT_NOFILE): 1048576:1048576
2024/07/23 05:09:07 [notice] 1#1: start worker processes
2024/07/23 05:09:07 [notice] 1#1: start worker process 20
2024/07/23 05:09:07 [notice] 1#1: start worker process 21
2024/07/23 05:09:07 [notice] 1#1: start worker process 22
2024/07/23 05:09:07 [notice] 1#1: start worker process 23
2024/07/23 06:45:49 [notice] 1#1: signal 3 (SIGQUIT) received, shutting down
2024/07/23 06:45:49 [notice] 22#22: gracefully shutting down
2024/07/23 06:45:49 [notice] 21#21: gracefully shutting down
2024/07/23 06:45:49 [notice] 20#20: gracefully shutting down
2024/07/23 06:45:49 [notice] 23#23: gracefully shutting down
2024/07/23 06:45:49 [notice] 22#22: exiting
2024/07/23 06:45:49 [notice] 20#20: exiting
2024/07/23 06:45:49 [notice] 21#21: exiting
2024/07/23 06:45:49 [notice] 23#23: exiting
2024/07/23 06:45:49 [notice] 22#22: exit
2024/07/23 06:45:49 [notice] 20#20: exit
2024/07/23 06:45:49 [notice] 21#21: exit
2024/07/23 06:45:49 [notice] 23#23: exit
2024/07/23 06:45:49 [notice] 1#1: signal 17 (SIGCHLD) received from 21
2024/07/23 06:45:49 [notice] 1#1: worker process 21 exited with code 0
2024/07/23 06:45:49 [notice] 1#1: worker process 22 exited with code 0
2024/07/23 06:45:49 [notice] 1#1: signal 29 (SIGIO) received
2024/07/23 06:45:49 [notice] 1#1: signal 17 (SIGCHLD) received from 22
2024/07/23 06:45:49 [notice] 1#1: signal 17 (SIGCHLD) received from 23
2024/07/23 06:45:49 [notice] 1#1: worker process 23 exited with code 0
2024/07/23 06:45:49 [notice] 1#1: signal 29 (SIGIO) received
2024/07/23 06:45:49 [notice] 1#1: signal 17 (SIGCHLD) received from 20
2024/07/23 06:45:49 [notice] 1#1: worker process 20 exited with code 0
2024/07/23 06:45:49 [notice] 1#1: exit
2024/07/23 06:54:53 [notice] 1#1: using the "epoll" event method
2024/07/23 06:54:53 [notice] 1#1: nginx/1.27.0
2024/07/23 06:54:53 [notice] 1#1: built by gcc 13.2.1 20231014 (Alpine 13.2.1_git20231014) 
2024/07/23 06:54:53 [notice] 1#1: OS: Linux 6.5.0-44-generic
2024/07/23 06:54:53 [notice] 1#1: getrlimit(RLIMIT_NOFILE): 1048576:1048576
2024/07/23 06:54:53 [notice] 1#1: start worker processes
2024/07/23 06:54:53 [notice] 1#1: start worker process 20
2024/07/23 06:54:53 [notice] 1#1: start worker process 21
2024/07/23 06:54:53 [notice] 1#1: start worker process 22
2024/07/23 06:54:53 [notice] 1#1: start worker process 23
2024/07/23 07:06:51 [notice] 1#1: signal 3 (SIGQUIT) received, shutting down
2024/07/23 07:06:51 [notice] 20#20: gracefully shutting down
2024/07/23 07:06:51 [notice] 20#20: exiting
2024/07/23 07:06:51 [notice] 23#23: gracefully shutting down
2024/07/23 07:06:51 [notice] 22#22: gracefully shutting down
2024/07/23 07:06:51 [notice] 23#23: exiting
2024/07/23 07:06:51 [notice] 22#22: exiting
2024/07/23 07:06:51 [notice] 21#21: gracefully shutting down
2024/07/23 07:06:51 [notice] 21#21: exiting
2024/07/23 07:06:51 [notice] 20#20: exit
2024/07/23 07:06:51 [notice] 22#22: exit
2024/07/23 07:06:51 [notice] 21#21: exit
2024/07/23 07:06:51 [notice] 23#23: exit
2024/07/23 07:06:51 [notice] 1#1: signal 17 (SIGCHLD) received from 21
2024/07/23 07:06:51 [notice] 1#1: worker process 21 exited with code 0
2024/07/23 07:06:51 [notice] 1#1: signal 29 (SIGIO) received
2024/07/23 07:06:51 [notice] 1#1: signal 17 (SIGCHLD) received from 22
2024/07/23 07:06:51 [notice] 1#1: worker process 20 exited with code 0
2024/07/23 07:06:51 [notice] 1#1: worker process 22 exited with code 0
2024/07/23 07:06:51 [notice] 1#1: signal 29 (SIGIO) received
2024/07/23 07:06:51 [notice] 1#1: signal 17 (SIGCHLD) received from 20
2024/07/23 07:06:51 [notice] 1#1: signal 17 (SIGCHLD) received from 23
2024/07/23 07:06:51 [notice] 1#1: worker process 23 exited with code 0
2024/07/23 07:06:51 [notice] 1#1: exit
2024/07/23 07:07:07 [notice] 1#1: using the "epoll" event method
2024/07/23 07:07:07 [notice] 1#1: nginx/1.27.0
2024/07/23 07:07:07 [notice] 1#1: built by gcc 13.2.1 20231014 (Alpine 13.2.1_git20231014) 
2024/07/23 07:07:07 [notice] 1#1: OS: Linux 6.5.0-44-generic
2024/07/23 07:07:07 [notice] 1#1: getrlimit(RLIMIT_NOFILE): 1048576:1048576
2024/07/23 07:07:07 [notice] 1#1: start worker processes
2024/07/23 07:07:07 [notice] 1#1: start worker process 20
2024/07/23 07:07:07 [notice] 1#1: start worker process 21
2024/07/23 07:07:07 [notice] 1#1: start worker process 22
2024/07/23 07:07:07 [notice] 1#1: start worker process 23
2024/07/23 07:12:43 [notice] 1#1: signal 3 (SIGQUIT) received, shutting down
2024/07/23 07:12:43 [notice] 23#23: gracefully shutting down
2024/07/23 07:12:43 [notice] 20#20: gracefully shutting down
2024/07/23 07:12:43 [notice] 21#21: gracefully shutting down
2024/07/23 07:12:43 [notice] 22#22: gracefully shutting down
2024/07/23 07:12:43 [notice] 20#20: exiting
2024/07/23 07:12:43 [notice] 22#22: exiting
2024/07/23 07:12:43 [notice] 21#21: exiting
2024/07/23 07:12:43 [notice] 23#23: exiting
2024/07/23 07:12:43 [notice] 22#22: exit
2024/07/23 07:12:43 [notice] 23#23: exit
2024/07/23 07:12:43 [notice] 21#21: exit
2024/07/23 07:12:43 [notice] 20#20: exit
2024/07/23 07:12:43 [notice] 1#1: signal 17 (SIGCHLD) received from 23
2024/07/23 07:12:43 [notice] 1#1: worker process 22 exited with code 0
2024/07/23 07:12:43 [notice] 1#1: worker process 20 exited with code 0
2024/07/23 07:12:43 [notice] 1#1: worker process 23 exited with code 0
2024/07/23 07:12:43 [notice] 1#1: signal 29 (SIGIO) received
2024/07/23 07:12:43 [notice] 1#1: signal 17 (SIGCHLD) received from 20
2024/07/23 07:12:43 [notice] 1#1: worker process 21 exited with code 0
2024/07/23 07:12:43 [notice] 1#1: exit
2024/07/23 07:12:56 [notice] 1#1: using the "epoll" event method
2024/07/23 07:12:56 [notice] 1#1: nginx/1.27.0
2024/07/23 07:12:56 [notice] 1#1: built by gcc 13.2.1 20231014 (Alpine 13.2.1_git20231014) 
2024/07/23 07:12:56 [notice] 1#1: OS: Linux 6.5.0-44-generic
2024/07/23 07:12:56 [notice] 1#1: getrlimit(RLIMIT_NOFILE): 1048576:1048576
2024/07/23 07:12:56 [notice] 1#1: start worker processes
2024/07/23 07:12:56 [notice] 1#1: start worker process 19
2024/07/23 07:12:56 [notice] 1#1: start worker process 20
2024/07/23 07:12:56 [notice] 1#1: start worker process 21
2024/07/23 07:12:56 [notice] 1#1: start worker process 22
2024/07/23 07:21:52 [notice] 1#1: signal 3 (SIGQUIT) received, shutting down
2024/07/23 07:21:52 [notice] 22#22: gracefully shutting down
2024/07/23 07:21:52 [notice] 21#21: gracefully shutting down
2024/07/23 07:21:52 [notice] 20#20: gracefully shutting down
2024/07/23 07:21:52 [notice] 19#19: gracefully shutting down
2024/07/23 07:21:52 [notice] 22#22: exiting
2024/07/23 07:21:52 [notice] 20#20: exiting
2024/07/23 07:21:52 [notice] 21#21: exiting
2024/07/23 07:21:52 [notice] 19#19: exiting
2024/07/23 07:21:52 [notice] 22#22: exit
2024/07/23 07:21:52 [notice] 21#21: exit
2024/07/23 07:21:52 [notice] 20#20: exit
2024/07/23 07:21:52 [notice] 19#19: exit
2024/07/23 07:21:52 [notice] 1#1: signal 17 (SIGCHLD) received from 22
2024/07/23 07:21:52 [notice] 1#1: worker process 22 exited with code 0
2024/07/23 07:21:52 [notice] 1#1: worker process 20 exited with code 0
2024/07/23 07:21:52 [notice] 1#1: signal 29 (SIGIO) received
2024/07/23 07:21:52 [notice] 1#1: signal 17 (SIGCHLD) received from 20
2024/07/23 07:21:52 [notice] 1#1: signal 17 (SIGCHLD) received from 19
2024/07/23 07:21:52 [notice] 1#1: worker process 19 exited with code 0
2024/07/23 07:21:52 [notice] 1#1: signal 29 (SIGIO) received
2024/07/23 07:21:52 [notice] 1#1: signal 17 (SIGCHLD) received from 21
2024/07/23 07:21:52 [notice] 1#1: worker process 21 exited with code 0
2024/07/23 07:21:52 [notice] 1#1: exit
2024/07/23 07:23:57 [notice] 1#1: using the "epoll" event method
2024/07/23 07:23:57 [notice] 1#1: nginx/1.27.0
2024/07/23 07:23:57 [notice] 1#1: built by gcc 13.2.1 20231014 (Alpine 13.2.1_git20231014) 
2024/07/23 07:23:57 [notice] 1#1: OS: Linux 6.5.0-44-generic
2024/07/23 07:23:57 [notice] 1#1: getrlimit(RLIMIT_NOFILE): 1048576:1048576
2024/07/23 07:23:57 [notice] 1#1: start worker processes
2024/07/23 07:23:57 [notice] 1#1: start worker process 20
2024/07/23 07:23:57 [notice] 1#1: start worker process 21
2024/07/23 07:23:57 [notice] 1#1: start worker process 22
2024/07/23 07:23:57 [notice] 1#1: start worker process 23
2024/07/23 07:33:04 [notice] 1#1: signal 3 (SIGQUIT) received, shutting down
2024/07/23 07:33:04 [notice] 22#22: gracefully shutting down
2024/07/23 07:33:04 [notice] 23#23: gracefully shutting down
2024/07/23 07:33:04 [notice] 21#21: gracefully shutting down
2024/07/23 07:33:04 [notice] 20#20: gracefully shutting down
2024/07/23 07:33:04 [notice] 23#23: exiting
2024/07/23 07:33:04 [notice] 22#22: exiting
2024/07/23 07:33:04 [notice] 21#21: exiting
2024/07/23 07:33:04 [notice] 20#20: exiting
2024/07/23 07:33:04 [notice] 20#20: exit
2024/07/23 07:33:04 [notice] 22#22: exit
2024/07/23 07:33:04 [notice] 23#23: exit
2024/07/23 07:33:04 [notice] 21#21: exit
2024/07/23 07:33:04 [notice] 1#1: signal 17 (SIGCHLD) received from 21
2024/07/23 07:33:04 [notice] 1#1: worker process 21 exited with code 0
2024/07/23 07:33:04 [notice] 1#1: signal 29 (SIGIO) received
2024/07/23 07:33:04 [notice] 1#1: signal 17 (SIGCHLD) received from 22
2024/07/23 07:33:04 [notice] 1#1: worker process 22 exited with code 0
2024/07/23 07:33:04 [notice] 1#1: signal 29 (SIGIO) received
2024/07/23 07:33:04 [notice] 1#1: signal 17 (SIGCHLD) received from 23
2024/07/23 07:33:04 [notice] 1#1: worker process 23 exited with code 0
2024/07/23 07:33:04 [notice] 1#1: signal 29 (SIGIO) received
2024/07/23 07:33:04 [notice] 1#1: signal 17 (SIGCHLD) received from 20
2024/07/23 07:33:04 [notice] 1#1: worker process 20 exited with code 0
2024/07/23 07:33:04 [notice] 1#1: exit
2024/07/23 07:33:47 [notice] 1#1: using the "epoll" event method
2024/07/23 07:33:47 [notice] 1#1: nginx/1.27.0
2024/07/23 07:33:47 [notice] 1#1: built by gcc 13.2.1 20231014 (Alpine 13.2.1_git20231014) 
2024/07/23 07:33:47 [notice] 1#1: OS: Linux 6.5.0-44-generic
2024/07/23 07:33:47 [notice] 1#1: getrlimit(RLIMIT_NOFILE): 1048576:1048576
2024/07/23 07:33:47 [notice] 1#1: start worker processes
2024/07/23 07:33:47 [notice] 1#1: start worker process 20
2024/07/23 07:33:47 [notice] 1#1: start worker process 21
2024/07/23 07:33:47 [notice] 1#1: start worker process 22
2024/07/23 07:33:47 [notice] 1#1: start worker process 23
2024/07/23 07:45:25 [notice] 1#1: signal 3 (SIGQUIT) received, shutting down
2024/07/23 07:45:25 [notice] 20#20: gracefully shutting down
2024/07/23 07:45:25 [notice] 23#23: gracefully shutting down
2024/07/23 07:45:25 [notice] 20#20: exiting
2024/07/23 07:45:25 [notice] 20#20: exit
2024/07/23 07:45:25 [notice] 21#21: gracefully shutting down
2024/07/23 07:45:25 [notice] 22#22: gracefully shutting down
2024/07/23 07:45:25 [notice] 21#21: exiting
2024/07/23 07:45:25 [notice] 23#23: exiting
2024/07/23 07:45:25 [notice] 23#23: exit
2024/07/23 07:45:25 [notice] 21#21: exit
2024/07/23 07:45:25 [notice] 22#22: exiting
2024/07/23 07:45:25 [notice] 22#22: exit
2024/07/23 07:45:26 [notice] 1#1: signal 17 (SIGCHLD) received from 23
2024/07/23 07:45:26 [notice] 1#1: worker process 23 exited with code 0
2024/07/23 07:45:26 [notice] 1#1: signal 29 (SIGIO) received
2024/07/23 07:45:26 [notice] 1#1: signal 17 (SIGCHLD) received from 20
2024/07/23 07:45:26 [notice] 1#1: worker process 20 exited with code 0
2024/07/23 07:45:26 [notice] 1#1: signal 29 (SIGIO) received
2024/07/23 07:45:26 [notice] 1#1: signal 17 (SIGCHLD) received from 21
2024/07/23 07:45:26 [notice] 1#1: worker process 21 exited with code 0
2024/07/23 07:45:26 [notice] 1#1: worker process 22 exited with code 0
2024/07/23 07:45:26 [notice] 1#1: exit
2024/07/24 02:02:17 [notice] 1#1: using the "epoll" event method
2024/07/24 02:02:17 [notice] 1#1: nginx/1.27.0
2024/07/24 02:02:17 [notice] 1#1: built by gcc 13.2.1 20231014 (Alpine 13.2.1_git20231014) 
2024/07/24 02:02:17 [notice] 1#1: OS: Linux 6.5.0-44-generic
2024/07/24 02:02:17 [notice] 1#1: getrlimit(RLIMIT_NOFILE): 1048576:1048576
2024/07/24 02:02:17 [notice] 1#1: start worker processes
2024/07/24 02:02:17 [notice] 1#1: start worker process 19
2024/07/24 02:02:17 [notice] 1#1: start worker process 20
2024/07/24 02:02:17 [notice] 1#1: start worker process 21
2024/07/24 02:02:17 [notice] 1#1: start worker process 22
2024/07/24 02:12:27 [notice] 1#1: signal 3 (SIGQUIT) received, shutting down
2024/07/24 02:12:27 [notice] 19#19: gracefully shutting down
2024/07/24 02:12:27 [notice] 20#20: gracefully shutting down
2024/07/24 02:12:27 [notice] 22#22: gracefully shutting down
2024/07/24 02:12:27 [notice] 21#21: gracefully shutting down
2024/07/24 02:12:27 [notice] 20#20: exiting
2024/07/24 02:12:27 [notice] 19#19: exiting
2024/07/24 02:12:27 [notice] 22#22: exiting
2024/07/24 02:12:27 [notice] 22#22: exit
2024/07/24 02:12:27 [notice] 20#20: exit
2024/07/24 02:12:27 [notice] 19#19: exit
2024/07/24 02:12:27 [notice] 21#21: exiting
2024/07/24 02:12:27 [notice] 21#21: exit
2024/07/24 02:12:27 [notice] 1#1: signal 17 (SIGCHLD) received from 22
2024/07/24 02:12:27 [notice] 1#1: worker process 22 exited with code 0
2024/07/24 02:12:27 [notice] 1#1: signal 29 (SIGIO) received
2024/07/24 02:12:27 [notice] 1#1: signal 17 (SIGCHLD) received from 21
2024/07/24 02:12:27 [notice] 1#1: worker process 21 exited with code 0
2024/07/24 02:12:27 [notice] 1#1: signal 29 (SIGIO) received
2024/07/24 02:12:27 [notice] 1#1: signal 17 (SIGCHLD) received from 20
2024/07/24 02:12:27 [notice] 1#1: worker process 19 exited with code 0
2024/07/24 02:12:27 [notice] 1#1: worker process 20 exited with code 0
2024/07/24 02:12:27 [notice] 1#1: exit
2024/07/24 02:12:52 [notice] 1#1: using the "epoll" event method
2024/07/24 02:12:52 [notice] 1#1: nginx/1.27.0
2024/07/24 02:12:52 [notice] 1#1: built by gcc 13.2.1 20231014 (Alpine 13.2.1_git20231014) 
2024/07/24 02:12:52 [notice] 1#1: OS: Linux 6.5.0-44-generic
2024/07/24 02:12:52 [notice] 1#1: getrlimit(RLIMIT_NOFILE): 1048576:1048576
2024/07/24 02:12:52 [notice] 1#1: start worker processes
2024/07/24 02:12:52 [notice] 1#1: start worker process 19
2024/07/24 02:12:52 [notice] 1#1: start worker process 20
2024/07/24 02:12:52 [notice] 1#1: start worker process 21
2024/07/24 02:12:52 [notice] 1#1: start worker process 22
2024/07/24 02:45:26 [notice] 1#1: signal 3 (SIGQUIT) received, shutting down
2024/07/24 02:45:27 [notice] 21#21: gracefully shutting down
2024/07/24 02:45:27 [notice] 20#20: gracefully shutting down
2024/07/24 02:45:27 [notice] 22#22: gracefully shutting down
2024/07/24 02:45:27 [notice] 19#19: gracefully shutting down
2024/07/24 02:45:27 [notice] 21#21: exiting
2024/07/24 02:45:27 [notice] 19#19: exiting
2024/07/24 02:45:27 [notice] 22#22: exiting
2024/07/24 02:45:27 [notice] 20#20: exiting
2024/07/24 02:45:27 [notice] 20#20: exit
2024/07/24 02:45:27 [notice] 21#21: exit
2024/07/24 02:45:27 [notice] 19#19: exit
2024/07/24 02:45:27 [notice] 22#22: exit
2024/07/24 02:45:27 [notice] 1#1: signal 17 (SIGCHLD) received from 20
2024/07/24 02:45:27 [notice] 1#1: worker process 20 exited with code 0
2024/07/24 02:45:27 [notice] 1#1: worker process 22 exited with code 0
2024/07/24 02:45:27 [notice] 1#1: signal 29 (SIGIO) received
2024/07/24 02:45:27 [notice] 1#1: signal 17 (SIGCHLD) received from 19
2024/07/24 02:45:27 [notice] 1#1: worker process 19 exited with code 0
2024/07/24 02:45:27 [notice] 1#1: signal 29 (SIGIO) received
2024/07/24 02:45:27 [notice] 1#1: signal 17 (SIGCHLD) received from 21
2024/07/24 02:45:27 [notice] 1#1: worker process 21 exited with code 0
2024/07/24 02:45:27 [notice] 1#1: exit
2024/07/24 02:46:10 [notice] 1#1: using the "epoll" event method
2024/07/24 02:46:10 [notice] 1#1: nginx/1.27.0
2024/07/24 02:46:10 [notice] 1#1: built by gcc 13.2.1 20231014 (Alpine 13.2.1_git20231014) 
2024/07/24 02:46:10 [notice] 1#1: OS: Linux 6.5.0-44-generic
2024/07/24 02:46:10 [notice] 1#1: getrlimit(RLIMIT_NOFILE): 1048576:1048576
2024/07/24 02:46:10 [notice] 1#1: start worker processes
2024/07/24 02:46:10 [notice] 1#1: start worker process 20
2024/07/24 02:46:10 [notice] 1#1: start worker process 21
2024/07/24 02:46:10 [notice] 1#1: start worker process 22
2024/07/24 02:46:10 [notice] 1#1: start worker process 23
2024/07/24 02:47:44 [notice] 1#1: signal 3 (SIGQUIT) received, shutting down
2024/07/24 02:47:44 [notice] 20#20: gracefully shutting down
2024/07/24 02:47:44 [notice] 20#20: exiting
2024/07/24 02:47:44 [notice] 23#23: gracefully shutting down
2024/07/24 02:47:44 [notice] 23#23: exiting
2024/07/24 02:47:44 [notice] 20#20: exit
2024/07/24 02:47:44 [notice] 22#22: gracefully shutting down
2024/07/24 02:47:44 [notice] 22#22: exiting
2024/07/24 02:47:44 [notice] 23#23: exit
2024/07/24 02:47:44 [notice] 22#22: exit
2024/07/24 02:47:44 [notice] 21#21: gracefully shutting down
2024/07/24 02:47:44 [notice] 21#21: exiting
2024/07/24 02:47:44 [notice] 21#21: exit
2024/07/24 02:47:44 [notice] 1#1: signal 17 (SIGCHLD) received from 21
2024/07/24 02:47:44 [notice] 1#1: worker process 21 exited with code 0
2024/07/24 02:47:44 [notice] 1#1: signal 29 (SIGIO) received
2024/07/24 02:47:44 [notice] 1#1: signal 17 (SIGCHLD) received from 22
2024/07/24 02:47:44 [notice] 1#1: worker process 22 exited with code 0
2024/07/24 02:47:44 [notice] 1#1: signal 29 (SIGIO) received
2024/07/24 02:47:44 [notice] 1#1: signal 17 (SIGCHLD) received from 23
2024/07/24 02:47:44 [notice] 1#1: worker process 20 exited with code 0
2024/07/24 02:47:44 [notice] 1#1: worker process 23 exited with code 0
2024/07/24 02:47:44 [notice] 1#1: exit
2024/07/24 02:48:07 [notice] 1#1: using the "epoll" event method
2024/07/24 02:48:07 [notice] 1#1: nginx/1.27.0
2024/07/24 02:48:07 [notice] 1#1: built by gcc 13.2.1 20231014 (Alpine 13.2.1_git20231014) 
2024/07/24 02:48:07 [notice] 1#1: OS: Linux 6.5.0-44-generic
2024/07/24 02:48:07 [notice] 1#1: getrlimit(RLIMIT_NOFILE): 1048576:1048576
2024/07/24 02:48:07 [notice] 1#1: start worker processes
2024/07/24 02:48:07 [notice] 1#1: start worker process 20
2024/07/24 02:48:07 [notice] 1#1: start worker process 21
2024/07/24 02:48:07 [notice] 1#1: start worker process 22
2024/07/24 02:48:07 [notice] 1#1: start worker process 23
2024/07/24 02:53:47 [notice] 1#1: signal 3 (SIGQUIT) received, shutting down
2024/07/24 02:53:47 [notice] 23#23: gracefully shutting down
2024/07/24 02:53:47 [notice] 20#20: gracefully shutting down
2024/07/24 02:53:47 [notice] 22#22: gracefully shutting down
2024/07/24 02:53:47 [notice] 21#21: gracefully shutting down
2024/07/24 02:53:47 [notice] 21#21: exiting
2024/07/24 02:53:47 [notice] 20#20: exiting
2024/07/24 02:53:47 [notice] 22#22: exiting
2024/07/24 02:53:47 [notice] 23#23: exiting
2024/07/24 02:53:47 [notice] 20#20: exit
2024/07/24 02:53:47 [notice] 23#23: exit
2024/07/24 02:53:47 [notice] 21#21: exit
2024/07/24 02:53:47 [notice] 22#22: exit
2024/07/24 02:53:48 [notice] 1#1: signal 17 (SIGCHLD) received from 23
2024/07/24 02:53:48 [notice] 1#1: worker process 23 exited with code 0
2024/07/24 02:53:48 [notice] 1#1: worker process 21 exited with code 0
2024/07/24 02:53:48 [notice] 1#1: worker process 22 exited with code 0
2024/07/24 02:53:48 [notice] 1#1: signal 29 (SIGIO) received
2024/07/24 02:53:48 [notice] 1#1: signal 17 (SIGCHLD) received from 22
2024/07/24 02:53:48 [notice] 1#1: signal 17 (SIGCHLD) received from 20
2024/07/24 02:53:48 [notice] 1#1: worker process 20 exited with code 0
2024/07/24 02:53:48 [notice] 1#1: exit
2024/07/24 02:54:20 [notice] 1#1: using the "epoll" event method
2024/07/24 02:54:20 [notice] 1#1: nginx/1.27.0
2024/07/24 02:54:20 [notice] 1#1: built by gcc 13.2.1 20231014 (Alpine 13.2.1_git20231014) 
2024/07/24 02:54:20 [notice] 1#1: OS: Linux 6.5.0-44-generic
2024/07/24 02:54:20 [notice] 1#1: getrlimit(RLIMIT_NOFILE): 1048576:1048576
2024/07/24 02:54:20 [notice] 1#1: start worker processes
2024/07/24 02:54:20 [notice] 1#1: start worker process 19
2024/07/24 02:54:20 [notice] 1#1: start worker process 20
2024/07/24 02:54:20 [notice] 1#1: start worker process 21
2024/07/24 02:54:20 [notice] 1#1: start worker process 22
2024/07/24 03:25:56 [notice] 1#1: signal 3 (SIGQUIT) received, shutting down
2024/07/24 03:25:56 [notice] 20#20: gracefully shutting down
2024/07/24 03:25:56 [notice] 22#22: gracefully shutting down
2024/07/24 03:25:56 [notice] 21#21: gracefully shutting down
2024/07/24 03:25:56 [notice] 19#19: gracefully shutting down
2024/07/24 03:25:56 [notice] 22#22: exiting
2024/07/24 03:25:56 [notice] 19#19: exiting
2024/07/24 03:25:56 [notice] 22#22: exit
2024/07/24 03:25:56 [notice] 19#19: exit
2024/07/24 03:25:56 [notice] 21#21: exiting
2024/07/24 03:25:56 [notice] 21#21: exit
2024/07/24 03:25:56 [notice] 20#20: exiting
2024/07/24 03:25:56 [notice] 20#20: exit
2024/07/24 03:25:56 [notice] 1#1: signal 17 (SIGCHLD) received from 19
2024/07/24 03:25:56 [notice] 1#1: worker process 19 exited with code 0
2024/07/24 03:25:56 [notice] 1#1: signal 29 (SIGIO) received
2024/07/24 03:25:56 [notice] 1#1: signal 17 (SIGCHLD) received from 20
2024/07/24 03:25:56 [notice] 1#1: worker process 20 exited with code 0
2024/07/24 03:25:56 [notice] 1#1: signal 29 (SIGIO) received
2024/07/24 03:25:56 [notice] 1#1: signal 17 (SIGCHLD) received from 21
2024/07/24 03:25:56 [notice] 1#1: worker process 21 exited with code 0
2024/07/24 03:25:56 [notice] 1#1: worker process 22 exited with code 0
2024/07/24 03:25:56 [notice] 1#1: exit
2024/07/24 03:34:06 [notice] 1#1: using the "epoll" event method
2024/07/24 03:34:06 [notice] 1#1: nginx/1.27.0
2024/07/24 03:34:06 [notice] 1#1: built by gcc 13.2.1 20231014 (Alpine 13.2.1_git20231014) 
2024/07/24 03:34:06 [notice] 1#1: OS: Linux 6.5.0-44-generic
2024/07/24 03:34:06 [notice] 1#1: getrlimit(RLIMIT_NOFILE): 1048576:1048576
2024/07/24 03:34:06 [notice] 1#1: start worker processes
2024/07/24 03:34:06 [notice] 1#1: start worker process 21
2024/07/24 03:34:06 [notice] 1#1: start worker process 22
2024/07/24 03:34:06 [notice] 1#1: start worker process 23
2024/07/24 03:34:06 [notice] 1#1: start worker process 24
2024/07/24 03:38:08 [notice] 1#1: signal 3 (SIGQUIT) received, shutting down
2024/07/24 03:38:08 [notice] 24#24: gracefully shutting down
2024/07/24 03:38:08 [notice] 23#23: gracefully shutting down
2024/07/24 03:38:08 [notice] 22#22: gracefully shutting down
2024/07/24 03:38:08 [notice] 21#21: gracefully shutting down
2024/07/24 03:38:08 [notice] 24#24: exiting
2024/07/24 03:38:08 [notice] 23#23: exiting
2024/07/24 03:38:08 [notice] 22#22: exiting
2024/07/24 03:38:08 [notice] 21#21: exiting
2024/07/24 03:38:08 [notice] 23#23: exit
2024/07/24 03:38:08 [notice] 21#21: exit
2024/07/24 03:38:08 [notice] 22#22: exit
2024/07/24 03:38:08 [notice] 24#24: exit
2024/07/24 03:38:08 [notice] 1#1: signal 17 (SIGCHLD) received from 24
2024/07/24 03:38:08 [notice] 1#1: worker process 24 exited with code 0
2024/07/24 03:38:08 [notice] 1#1: signal 29 (SIGIO) received
2024/07/24 03:38:08 [notice] 1#1: signal 17 (SIGCHLD) received from 23
2024/07/24 03:38:08 [notice] 1#1: worker process 23 exited with code 0
2024/07/24 03:38:08 [notice] 1#1: signal 29 (SIGIO) received
2024/07/24 03:38:08 [notice] 1#1: signal 17 (SIGCHLD) received from 21
2024/07/24 03:38:08 [notice] 1#1: worker process 21 exited with code 0
2024/07/24 03:38:08 [notice] 1#1: worker process 22 exited with code 0
2024/07/24 03:38:08 [notice] 1#1: exit
2024/07/24 03:38:27 [notice] 1#1: using the "epoll" event method
2024/07/24 03:38:27 [notice] 1#1: nginx/1.27.0
2024/07/24 03:38:27 [notice] 1#1: built by gcc 13.2.1 20231014 (Alpine 13.2.1_git20231014) 
2024/07/24 03:38:27 [notice] 1#1: OS: Linux 6.5.0-44-generic
2024/07/24 03:38:27 [notice] 1#1: getrlimit(RLIMIT_NOFILE): 1048576:1048576
2024/07/24 03:38:27 [notice] 1#1: start worker processes
2024/07/24 03:38:27 [notice] 1#1: start worker process 20
2024/07/24 03:38:27 [notice] 1#1: start worker process 21
2024/07/24 03:38:27 [notice] 1#1: start worker process 22
2024/07/24 03:38:27 [notice] 1#1: start worker process 23
2024/07/24 03:44:43 [notice] 1#1: signal 3 (SIGQUIT) received, shutting down
2024/07/24 03:44:43 [notice] 20#20: gracefully shutting down
2024/07/24 03:44:43 [notice] 20#20: exiting
2024/07/24 03:44:43 [notice] 23#23: gracefully shutting down
2024/07/24 03:44:43 [notice] 20#20: exit
2024/07/24 03:44:43 [notice] 23#23: exiting
2024/07/24 03:44:43 [notice] 23#23: exit
2024/07/24 03:44:43 [notice] 21#21: gracefully shutting down
2024/07/24 03:44:43 [notice] 21#21: exiting
2024/07/24 03:44:43 [notice] 21#21: exit
2024/07/24 03:44:43 [notice] 22#22: gracefully shutting down
2024/07/24 03:44:43 [notice] 22#22: exiting
2024/07/24 03:44:43 [notice] 22#22: exit
2024/07/24 03:44:43 [notice] 1#1: signal 17 (SIGCHLD) received from 23
2024/07/24 03:44:43 [notice] 1#1: worker process 23 exited with code 0
2024/07/24 03:44:43 [notice] 1#1: signal 29 (SIGIO) received
2024/07/24 03:44:43 [notice] 1#1: signal 17 (SIGCHLD) received from 22
2024/07/24 03:44:43 [notice] 1#1: worker process 21 exited with code 0
2024/07/24 03:44:43 [notice] 1#1: worker process 22 exited with code 0
2024/07/24 03:44:43 [notice] 1#1: signal 29 (SIGIO) received
2024/07/24 03:44:43 [notice] 1#1: signal 17 (SIGCHLD) received from 21
2024/07/24 03:44:43 [notice] 1#1: signal 17 (SIGCHLD) received from 20
2024/07/24 03:44:43 [notice] 1#1: worker process 20 exited with code 0
2024/07/24 03:44:43 [notice] 1#1: exit
2024/07/24 03:44:57 [notice] 1#1: using the "epoll" event method
2024/07/24 03:44:57 [notice] 1#1: nginx/1.27.0
2024/07/24 03:44:57 [notice] 1#1: built by gcc 13.2.1 20231014 (Alpine 13.2.1_git20231014) 
2024/07/24 03:44:57 [notice] 1#1: OS: Linux 6.5.0-44-generic
2024/07/24 03:44:57 [notice] 1#1: getrlimit(RLIMIT_NOFILE): 1048576:1048576
2024/07/24 03:44:57 [notice] 1#1: start worker processes
2024/07/24 03:44:57 [notice] 1#1: start worker process 20
2024/07/24 03:44:57 [notice] 1#1: start worker process 21
2024/07/24 03:44:57 [notice] 1#1: start worker process 22
2024/07/24 03:44:57 [notice] 1#1: start worker process 23
2024/07/24 03:47:55 [notice] 1#1: signal 3 (SIGQUIT) received, shutting down
2024/07/24 03:47:55 [notice] 23#23: gracefully shutting down
2024/07/24 03:47:55 [notice] 23#23: exiting
2024/07/24 03:47:55 [notice] 22#22: gracefully shutting down
2024/07/24 03:47:55 [notice] 22#22: exiting
2024/07/24 03:47:55 [notice] 21#21: gracefully shutting down
2024/07/24 03:47:55 [notice] 21#21: exiting
2024/07/24 03:47:55 [notice] 20#20: gracefully shutting down
2024/07/24 03:47:55 [notice] 20#20: exiting
2024/07/24 03:47:55 [notice] 22#22: exit
2024/07/24 03:47:55 [notice] 23#23: exit
2024/07/24 03:47:55 [notice] 21#21: exit
2024/07/24 03:47:55 [notice] 20#20: exit
2024/07/24 03:47:56 [notice] 1#1: signal 17 (SIGCHLD) received from 20
2024/07/24 03:47:56 [notice] 1#1: worker process 20 exited with code 0
2024/07/24 03:47:56 [notice] 1#1: worker process 21 exited with code 0
2024/07/24 03:47:56 [notice] 1#1: worker process 22 exited with code 0
2024/07/24 03:47:56 [notice] 1#1: worker process 23 exited with code 0
2024/07/24 03:47:56 [notice] 1#1: exit
2024/07/24 03:50:30 [notice] 1#1: using the "epoll" event method
2024/07/24 03:50:30 [notice] 1#1: nginx/1.27.0
2024/07/24 03:50:30 [notice] 1#1: built by gcc 13.2.1 20231014 (Alpine 13.2.1_git20231014) 
2024/07/24 03:50:30 [notice] 1#1: OS: Linux 6.5.0-44-generic
2024/07/24 03:50:30 [notice] 1#1: getrlimit(RLIMIT_NOFILE): 1048576:1048576
2024/07/24 03:50:30 [notice] 1#1: start worker processes
2024/07/24 03:50:30 [notice] 1#1: start worker process 20
2024/07/24 03:50:30 [notice] 1#1: start worker process 21
2024/07/24 03:50:30 [notice] 1#1: start worker process 22
2024/07/24 03:50:30 [notice] 1#1: start worker process 23
2024/07/24 03:53:56 [notice] 1#1: signal 3 (SIGQUIT) received, shutting down
2024/07/24 03:53:56 [notice] 21#21: gracefully shutting down
2024/07/24 03:53:56 [notice] 23#23: gracefully shutting down
2024/07/24 03:53:56 [notice] 20#20: gracefully shutting down
2024/07/24 03:53:56 [notice] 23#23: exiting
2024/07/24 03:53:56 [notice] 22#22: gracefully shutting down
2024/07/24 03:53:56 [notice] 20#20: exiting
2024/07/24 03:53:56 [notice] 21#21: exiting
2024/07/24 03:53:56 [notice] 22#22: exiting
2024/07/24 03:53:56 [notice] 21#21: exit
2024/07/24 03:53:56 [notice] 23#23: exit
2024/07/24 03:53:56 [notice] 20#20: exit
2024/07/24 03:53:56 [notice] 22#22: exit
2024/07/24 03:53:56 [notice] 1#1: signal 17 (SIGCHLD) received from 22
2024/07/24 03:53:56 [notice] 1#1: worker process 20 exited with code 0
2024/07/24 03:53:56 [notice] 1#1: worker process 22 exited with code 0
2024/07/24 03:53:56 [notice] 1#1: signal 29 (SIGIO) received
2024/07/24 03:53:56 [notice] 1#1: signal 17 (SIGCHLD) received from 21
2024/07/24 03:53:56 [notice] 1#1: worker process 21 exited with code 0
2024/07/24 03:53:56 [notice] 1#1: signal 17 (SIGCHLD) received from 23
2024/07/24 03:53:56 [notice] 1#1: worker process 23 exited with code 0
2024/07/24 03:53:56 [notice] 1#1: exit
2024/07/24 03:55:16 [notice] 1#1: using the "epoll" event method
2024/07/24 03:55:16 [notice] 1#1: nginx/1.27.0
2024/07/24 03:55:16 [notice] 1#1: built by gcc 13.2.1 20231014 (Alpine 13.2.1_git20231014) 
2024/07/24 03:55:16 [notice] 1#1: OS: Linux 6.5.0-44-generic
2024/07/24 03:55:16 [notice] 1#1: getrlimit(RLIMIT_NOFILE): 1048576:1048576
2024/07/24 03:55:16 [notice] 1#1: start worker processes
2024/07/24 03:55:16 [notice] 1#1: start worker process 20
2024/07/24 03:55:16 [notice] 1#1: start worker process 21
2024/07/24 03:55:16 [notice] 1#1: start worker process 22
2024/07/24 03:55:16 [notice] 1#1: start worker process 23
2024/07/24 03:58:08 [notice] 1#1: signal 3 (SIGQUIT) received, shutting down
2024/07/24 03:58:08 [notice] 23#23: gracefully shutting down
2024/07/24 03:58:08 [notice] 20#20: gracefully shutting down
2024/07/24 03:58:08 [notice] 22#22: gracefully shutting down
2024/07/24 03:58:08 [notice] 21#21: gracefully shutting down
2024/07/24 03:58:08 [notice] 20#20: exiting
2024/07/24 03:58:08 [notice] 22#22: exiting
2024/07/24 03:58:08 [notice] 23#23: exiting
2024/07/24 03:58:08 [notice] 21#21: exiting
2024/07/24 03:58:08 [notice] 22#22: exit
2024/07/24 03:58:08 [notice] 21#21: exit
2024/07/24 03:58:08 [notice] 23#23: exit
2024/07/24 03:58:08 [notice] 20#20: exit
2024/07/24 03:58:08 [notice] 1#1: signal 17 (SIGCHLD) received from 22
2024/07/24 03:58:08 [notice] 1#1: worker process 20 exited with code 0
2024/07/24 03:58:08 [notice] 1#1: worker process 22 exited with code 0
2024/07/24 03:58:08 [notice] 1#1: signal 29 (SIGIO) received
2024/07/24 03:58:08 [notice] 1#1: signal 17 (SIGCHLD) received from 20
2024/07/24 03:58:08 [notice] 1#1: signal 17 (SIGCHLD) received from 21
2024/07/24 03:58:08 [notice] 1#1: worker process 21 exited with code 0
2024/07/24 03:58:08 [notice] 1#1: signal 29 (SIGIO) received
2024/07/24 03:58:08 [notice] 1#1: signal 17 (SIGCHLD) received from 23
2024/07/24 03:58:08 [notice] 1#1: worker process 23 exited with code 0
2024/07/24 03:58:08 [notice] 1#1: exit
2024/07/24 03:58:30 [notice] 1#1: using the "epoll" event method
2024/07/24 03:58:30 [notice] 1#1: nginx/1.27.0
2024/07/24 03:58:30 [notice] 1#1: built by gcc 13.2.1 20231014 (Alpine 13.2.1_git20231014) 
2024/07/24 03:58:30 [notice] 1#1: OS: Linux 6.5.0-44-generic
2024/07/24 03:58:30 [notice] 1#1: getrlimit(RLIMIT_NOFILE): 1048576:1048576
2024/07/24 03:58:30 [notice] 1#1: start worker processes
2024/07/24 03:58:30 [notice] 1#1: start worker process 20
2024/07/24 03:58:30 [notice] 1#1: start worker process 21
2024/07/24 03:58:30 [notice] 1#1: start worker process 22
2024/07/24 03:58:30 [notice] 1#1: start worker process 23
2024/07/24 04:05:43 [notice] 1#1: signal 3 (SIGQUIT) received, shutting down
2024/07/24 04:05:43 [notice] 23#23: gracefully shutting down
2024/07/24 04:05:43 [notice] 20#20: gracefully shutting down
2024/07/24 04:05:43 [notice] 21#21: gracefully shutting down
2024/07/24 04:05:43 [notice] 22#22: gracefully shutting down
2024/07/24 04:05:43 [notice] 23#23: exiting
2024/07/24 04:05:43 [notice] 22#22: exiting
2024/07/24 04:05:43 [notice] 22#22: exit
2024/07/24 04:05:43 [notice] 23#23: exit
2024/07/24 04:05:43 [notice] 21#21: exiting
2024/07/24 04:05:43 [notice] 21#21: exit
2024/07/24 04:05:43 [notice] 20#20: exiting
2024/07/24 04:05:43 [notice] 20#20: exit
2024/07/24 04:05:44 [notice] 1#1: signal 17 (SIGCHLD) received from 23
2024/07/24 04:05:44 [notice] 1#1: worker process 20 exited with code 0
2024/07/24 04:05:44 [notice] 1#1: worker process 21 exited with code 0
2024/07/24 04:05:44 [notice] 1#1: worker process 22 exited with code 0
2024/07/24 04:05:44 [notice] 1#1: worker process 23 exited with code 0
2024/07/24 04:05:44 [notice] 1#1: exit
2024/07/24 04:06:10 [notice] 1#1: using the "epoll" event method
2024/07/24 04:06:10 [notice] 1#1: nginx/1.27.0
2024/07/24 04:06:10 [notice] 1#1: built by gcc 13.2.1 20231014 (Alpine 13.2.1_git20231014) 
2024/07/24 04:06:10 [notice] 1#1: OS: Linux 6.5.0-44-generic
2024/07/24 04:06:10 [notice] 1#1: getrlimit(RLIMIT_NOFILE): 1048576:1048576
2024/07/24 04:06:10 [notice] 1#1: start worker processes
2024/07/24 04:06:10 [notice] 1#1: start worker process 19
2024/07/24 04:06:10 [notice] 1#1: start worker process 20
2024/07/24 04:06:10 [notice] 1#1: start worker process 21
2024/07/24 04:06:10 [notice] 1#1: start worker process 22
2024/07/24 04:19:26 [notice] 1#1: signal 3 (SIGQUIT) received, shutting down
2024/07/24 04:19:27 [notice] 22#22: gracefully shutting down
2024/07/24 04:19:27 [notice] 20#20: gracefully shutting down
2024/07/24 04:19:27 [notice] 19#19: gracefully shutting down
2024/07/24 04:19:27 [notice] 21#21: gracefully shutting down
2024/07/24 04:19:27 [notice] 22#22: exiting
2024/07/24 04:19:27 [notice] 19#19: exiting
2024/07/24 04:19:27 [notice] 20#20: exiting
2024/07/24 04:19:27 [notice] 21#21: exiting
2024/07/24 04:19:27 [notice] 20#20: exit
2024/07/24 04:19:27 [notice] 21#21: exit
2024/07/24 04:19:27 [notice] 19#19: exit
2024/07/24 04:19:27 [notice] 22#22: exit
2024/07/24 04:19:27 [notice] 1#1: signal 17 (SIGCHLD) received from 20
2024/07/24 04:19:27 [notice] 1#1: worker process 20 exited with code 0
2024/07/24 04:19:27 [notice] 1#1: worker process 21 exited with code 0
2024/07/24 04:19:27 [notice] 1#1: signal 29 (SIGIO) received
2024/07/24 04:19:27 [notice] 1#1: signal 17 (SIGCHLD) received from 21
2024/07/24 04:19:27 [notice] 1#1: signal 17 (SIGCHLD) received from 22
2024/07/24 04:19:27 [notice] 1#1: worker process 19 exited with code 0
2024/07/24 04:19:27 [notice] 1#1: worker process 22 exited with code 0
2024/07/24 04:19:27 [notice] 1#1: exit
2024/07/24 04:20:01 [notice] 1#1: using the "epoll" event method
2024/07/24 04:20:01 [notice] 1#1: nginx/1.27.0
2024/07/24 04:20:01 [notice] 1#1: built by gcc 13.2.1 20231014 (Alpine 13.2.1_git20231014) 
2024/07/24 04:20:01 [notice] 1#1: OS: Linux 6.5.0-44-generic
2024/07/24 04:20:01 [notice] 1#1: getrlimit(RLIMIT_NOFILE): 1048576:1048576
2024/07/24 04:20:01 [notice] 1#1: start worker processes
2024/07/24 04:20:01 [notice] 1#1: start worker process 20
2024/07/24 04:20:01 [notice] 1#1: start worker process 21
2024/07/24 04:20:01 [notice] 1#1: start worker process 22
2024/07/24 04:20:01 [notice] 1#1: start worker process 23
2024/07/24 04:22:35 [notice] 1#1: signal 3 (SIGQUIT) received, shutting down
2024/07/24 04:22:35 [notice] 21#21: gracefully shutting down
2024/07/24 04:22:35 [notice] 20#20: gracefully shutting down
2024/07/24 04:22:35 [notice] 21#21: exiting
2024/07/24 04:22:35 [notice] 20#20: exiting
2024/07/24 04:22:35 [notice] 23#23: gracefully shutting down
2024/07/24 04:22:35 [notice] 23#23: exiting
2024/07/24 04:22:35 [notice] 21#21: exit
2024/07/24 04:22:35 [notice] 23#23: exit
2024/07/24 04:22:35 [notice] 20#20: exit
2024/07/24 04:22:35 [notice] 22#22: gracefully shutting down
2024/07/24 04:22:35 [notice] 22#22: exiting
2024/07/24 04:22:35 [notice] 22#22: exit
2024/07/24 04:22:35 [notice] 1#1: signal 17 (SIGCHLD) received from 22
2024/07/24 04:22:35 [notice] 1#1: worker process 21 exited with code 0
2024/07/24 04:22:35 [notice] 1#1: worker process 22 exited with code 0
2024/07/24 04:22:35 [notice] 1#1: worker process 23 exited with code 0
2024/07/24 04:22:35 [notice] 1#1: signal 29 (SIGIO) received
2024/07/24 04:22:35 [notice] 1#1: signal 17 (SIGCHLD) received from 20
2024/07/24 04:22:35 [notice] 1#1: worker process 20 exited with code 0
2024/07/24 04:22:35 [notice] 1#1: exit
2024/07/24 04:23:02 [notice] 1#1: using the "epoll" event method
2024/07/24 04:23:02 [notice] 1#1: nginx/1.27.0
2024/07/24 04:23:02 [notice] 1#1: built by gcc 13.2.1 20231014 (Alpine 13.2.1_git20231014) 
2024/07/24 04:23:02 [notice] 1#1: OS: Linux 6.5.0-44-generic
2024/07/24 04:23:02 [notice] 1#1: getrlimit(RLIMIT_NOFILE): 1048576:1048576
2024/07/24 04:23:02 [notice] 1#1: start worker processes
2024/07/24 04:23:02 [notice] 1#1: start worker process 20
2024/07/24 04:23:02 [notice] 1#1: start worker process 21
2024/07/24 04:23:02 [notice] 1#1: start worker process 22
2024/07/24 04:23:02 [notice] 1#1: start worker process 23
2024/07/24 04:30:11 [notice] 1#1: signal 3 (SIGQUIT) received, shutting down
2024/07/24 04:30:11 [notice] 23#23: gracefully shutting down
2024/07/24 04:30:11 [notice] 20#20: gracefully shutting down
2024/07/24 04:30:11 [notice] 21#21: gracefully shutting down
2024/07/24 04:30:11 [notice] 22#22: gracefully shutting down
2024/07/24 04:30:11 [notice] 20#20: exiting
2024/07/24 04:30:11 [notice] 21#21: exiting
2024/07/24 04:30:11 [notice] 23#23: exiting
2024/07/24 04:30:11 [notice] 22#22: exiting
2024/07/24 04:30:11 [notice] 21#21: exit
2024/07/24 04:30:11 [notice] 20#20: exit
2024/07/24 04:30:11 [notice] 23#23: exit
2024/07/24 04:30:11 [notice] 22#22: exit
2024/07/24 04:30:12 [notice] 1#1: signal 17 (SIGCHLD) received from 20
2024/07/24 04:30:12 [notice] 1#1: worker process 20 exited with code 0
2024/07/24 04:30:12 [notice] 1#1: signal 29 (SIGIO) received
2024/07/24 04:30:12 [notice] 1#1: signal 17 (SIGCHLD) received from 23
2024/07/24 04:30:12 [notice] 1#1: worker process 23 exited with code 0
2024/07/24 04:30:12 [notice] 1#1: signal 29 (SIGIO) received
2024/07/24 04:30:12 [notice] 1#1: signal 17 (SIGCHLD) received from 21
2024/07/24 04:30:12 [notice] 1#1: worker process 21 exited with code 0
2024/07/24 04:30:12 [notice] 1#1: signal 29 (SIGIO) received
2024/07/24 04:30:12 [notice] 1#1: signal 17 (SIGCHLD) received from 22
2024/07/24 04:30:12 [notice] 1#1: worker process 22 exited with code 0
2024/07/24 04:30:12 [notice] 1#1: exit
2024/07/24 04:30:25 [notice] 1#1: using the "epoll" event method
2024/07/24 04:30:25 [notice] 1#1: nginx/1.27.0
2024/07/24 04:30:25 [notice] 1#1: built by gcc 13.2.1 20231014 (Alpine 13.2.1_git20231014) 
2024/07/24 04:30:25 [notice] 1#1: OS: Linux 6.5.0-44-generic
2024/07/24 04:30:25 [notice] 1#1: getrlimit(RLIMIT_NOFILE): 1048576:1048576
2024/07/24 04:30:25 [notice] 1#1: start worker processes
2024/07/24 04:30:25 [notice] 1#1: start worker process 20
2024/07/24 04:30:25 [notice] 1#1: start worker process 21
2024/07/24 04:30:25 [notice] 1#1: start worker process 22
2024/07/24 04:30:25 [notice] 1#1: start worker process 23
